[rospy.client][INFO] 2017-03-30 15:23:18,055: init_node, name[/acrobot_control_node], pid[7102]
[xmlrpc][INFO] 2017-03-30 15:23:18,055: XML-RPC server binding to 0.0.0.0:0
[xmlrpc][INFO] 2017-03-30 15:23:18,056: Started XML-RPC server [http://hancheol:43617/]
[rospy.init][INFO] 2017-03-30 15:23:18,056: ROS Slave URI: [http://hancheol:43617/]
[rospy.impl.masterslave][INFO] 2017-03-30 15:23:18,056: _ready: http://hancheol:43617/
[rospy.registration][INFO] 2017-03-30 15:23:18,058: Registering with master node http://localhost:11311
[xmlrpc][INFO] 2017-03-30 15:23:18,058: xml rpc node: starting XML-RPC server
[rospy.init][INFO] 2017-03-30 15:23:18,157: registered with master
[rospy.rosout][INFO] 2017-03-30 15:23:18,157: initializing /rosout core topic
[rospy.rosout][INFO] 2017-03-30 15:23:18,161: connected to core topic /rosout
[rospy.simtime][INFO] 2017-03-30 15:23:18,163: initializing /clock core topic
[rospy.simtime][INFO] 2017-03-30 15:23:18,175: connected to core topic /clock
[rosout][INFO] 2017-03-30 15:23:18,194: /acrobot_control_nodeu = 5.205541
[rospy.internal][INFO] 2017-03-30 15:23:18,224: topic[/clock] adding connection to [http://hancheol:36835/], count 0
[rospy.internal][INFO] 2017-03-30 15:23:18,373: topic[/rosout] adding connection to [/rosout], count 0
[rospy.internal][INFO] 2017-03-30 15:23:18,392: topic[/rrbot/joint_states] adding connection to [http://hancheol:36835/], count 0
[rospy.internal][INFO] 2017-03-30 15:23:18,774: topic[/rrbot/joint2_torque_controller/command] adding connection to [/gazebo], count 0
[rosout][INFO] 2017-03-30 15:23:19,446: /acrobot_control_nodeu = -3.236411
[rosout][INFO] 2017-03-30 15:23:19,448: /acrobot_control_nodeu = -3.236701
[rosout][INFO] 2017-03-30 15:23:20,537: /acrobot_control_nodeu = -3.017146
[rosout][INFO] 2017-03-30 15:23:21,616: /acrobot_control_nodeu = -0.170229
[rosout][INFO] 2017-03-30 15:23:22,776: /acrobot_control_nodeu = -5.537452
[rosout][INFO] 2017-03-30 15:23:23,990: /acrobot_control_nodeu = -18.320519
[rosout][INFO] 2017-03-30 15:23:25,146: /acrobot_control_nodeu = -172.303779
[rosout][INFO] 2017-03-30 15:23:26,271: /acrobot_control_nodeu = 10699.035813
[rosout][INFO] 2017-03-30 15:23:27,425: /acrobot_control_nodeu = -172801.274758
[rosout][INFO] 2017-03-30 15:23:28,630: /acrobot_control_nodeu = 665967.338558
[rosout][INFO] 2017-03-30 15:23:29,686: /acrobot_control_nodeu = nan
[rosout][INFO] 2017-03-30 15:23:30,716: /acrobot_control_nodeu = nan
[rosout][INFO] 2017-03-30 15:23:31,917: /acrobot_control_nodeu = nan
[rosout][INFO] 2017-03-30 15:23:33,256: /acrobot_control_nodeu = nan
[rosout][INFO] 2017-03-30 15:23:34,346: /acrobot_control_nodeu = nan
[rosout][INFO] 2017-03-30 15:23:35,410: /acrobot_control_nodeu = nan
[rosout][INFO] 2017-03-30 15:23:36,483: /acrobot_control_nodeu = nan
[rosout][INFO] 2017-03-30 15:23:37,590: /acrobot_control_nodeu = nan
[rosout][INFO] 2017-03-30 15:23:38,711: /acrobot_control_nodeu = nan
[rosout][INFO] 2017-03-30 15:23:39,833: /acrobot_control_nodeu = nan
[rosout][INFO] 2017-03-30 15:23:41,016: /acrobot_control_nodeu = nan
[rosout][INFO] 2017-03-30 15:23:42,244: /acrobot_control_nodeu = nan
[rosout][INFO] 2017-03-30 15:23:43,533: /acrobot_control_nodeu = nan
[rosout][INFO] 2017-03-30 15:23:44,724: /acrobot_control_nodeu = nan
[rosout][INFO] 2017-03-30 15:23:45,840: /acrobot_control_nodeu = nan
[rosout][INFO] 2017-03-30 15:23:46,957: /acrobot_control_nodeu = nan
[rosout][INFO] 2017-03-30 15:23:48,056: /acrobot_control_nodeu = nan
[rosout][INFO] 2017-03-30 15:23:49,197: /acrobot_control_nodeu = nan
[rosout][INFO] 2017-03-30 15:23:50,313: /acrobot_control_nodeu = nan
[rosout][INFO] 2017-03-30 15:23:51,447: /acrobot_control_nodeu = nan
[rosout][INFO] 2017-03-30 15:23:52,602: /acrobot_control_nodeu = nan
[rosout][INFO] 2017-03-30 15:23:53,719: /acrobot_control_nodeu = nan
[rosout][INFO] 2017-03-30 15:23:54,792: /acrobot_control_nodeu = nan
[rosout][INFO] 2017-03-30 15:23:55,888: /acrobot_control_nodeu = nan
[rosout][INFO] 2017-03-30 15:23:57,212: /acrobot_control_nodeu = nan
[rosout][INFO] 2017-03-30 15:23:58,521: /acrobot_control_nodeu = nan
[rosout][INFO] 2017-03-30 15:23:59,744: /acrobot_control_nodeu = nan
[rosout][INFO] 2017-03-30 15:24:01,007: /acrobot_control_nodeu = nan
[rosout][INFO] 2017-03-30 15:24:02,479: /acrobot_control_nodeu = nan
[rosout][INFO] 2017-03-30 15:24:03,831: /acrobot_control_nodeu = nan
[rosout][INFO] 2017-03-30 15:24:04,916: /acrobot_control_nodeu = nan
[rosout][INFO] 2017-03-30 15:24:05,959: /acrobot_control_nodeu = nan
[rosout][INFO] 2017-03-30 15:24:06,985: /acrobot_control_nodeu = nan
[rosout][INFO] 2017-03-30 15:24:07,999: /acrobot_control_nodeu = nan
[rosout][INFO] 2017-03-30 15:24:09,022: /acrobot_control_nodeu = nan
[rospy.core][INFO] 2017-03-30 15:24:09,053: signal_shutdown [signal-2]
[rospy.internal][INFO] 2017-03-30 15:24:09,060: topic[/rrbot/joint2_torque_controller/command] removing connection to /gazebo
[rospy.internal][INFO] 2017-03-30 15:24:09,061: topic[/rosout] removing connection to /rosout
[rospy.internal][INFO] 2017-03-30 15:24:09,061: topic[/clock] removing connection to http://hancheol:36835/
[rospy.internal][INFO] 2017-03-30 15:24:09,061: topic[/rrbot/joint_states] removing connection to http://hancheol:36835/
[rospy.impl.masterslave][INFO] 2017-03-30 15:24:09,061: signal-2
[rospy.internal][ERROR] 2017-03-30 15:24:09,063: Traceback (most recent call last):
  File "/opt/ros/kinetic/lib/python2.7/dist-packages/rospy/impl/tcpros_base.py", line 729, in receive_once
    self.stat_bytes += recv_buff(sock, b, p.buff_size)
  File "/opt/ros/kinetic/lib/python2.7/dist-packages/rospy/impl/tcpros_base.py", line 103, in recv_buff
    d = sock.recv(buff_size)
error: [Errno 104] Connection reset by peer

[rospy.core][INFO] 2017-03-30 15:24:09,178: signal_shutdown [atexit]
