[rospy.client][INFO] 2017-03-30 15:23:18,042: init_node, name[/rrbot/controller_spawner], pid[7099]
[xmlrpc][INFO] 2017-03-30 15:23:18,043: XML-RPC server binding to 0.0.0.0:0
[rospy.init][INFO] 2017-03-30 15:23:18,044: ROS Slave URI: [http://hancheol:37264/]
[xmlrpc][INFO] 2017-03-30 15:23:18,044: Started XML-RPC server [http://hancheol:37264/]
[rospy.impl.masterslave][INFO] 2017-03-30 15:23:18,045: _ready: http://hancheol:37264/
[xmlrpc][INFO] 2017-03-30 15:23:18,045: xml rpc node: starting XML-RPC server
[rospy.registration][INFO] 2017-03-30 15:23:18,047: Registering with master node http://localhost:11311
[rospy.init][INFO] 2017-03-30 15:23:18,145: registered with master
[rospy.rosout][INFO] 2017-03-30 15:23:18,145: initializing /rosout core topic
[rospy.rosout][INFO] 2017-03-30 15:23:18,148: connected to core topic /rosout
[rospy.simtime][INFO] 2017-03-30 15:23:18,153: initializing /clock core topic
[rospy.simtime][INFO] 2017-03-30 15:23:18,157: connected to core topic /clock
[rosout][INFO] 2017-03-30 15:23:18,170: Controller Spawner: Waiting for service controller_manager/load_controller
[rospy.internal][INFO] 2017-03-30 15:23:18,176: topic[/clock] adding connection to [http://hancheol:36835/], count 0
[rosout][INFO] 2017-03-30 15:23:18,179: Controller Spawner: Waiting for service controller_manager/switch_controller
[rosout][INFO] 2017-03-30 15:23:18,190: Controller Spawner: Waiting for service controller_manager/unload_controller
[rosout][INFO] 2017-03-30 15:23:18,201: Loading controller: joint_state_controller
[rosout][INFO] 2017-03-30 15:23:18,361: Loading controller: joint2_torque_controller
[rospy.internal][INFO] 2017-03-30 15:23:18,372: topic[/rosout] adding connection to [/rosout], count 0
[rosout][INFO] 2017-03-30 15:23:18,604: Controller Spawner: Loaded controllers: joint_state_controller, joint2_torque_controller
[rosout][INFO] 2017-03-30 15:23:18,611: Started controllers: joint_state_controller, joint2_torque_controller
[rospy.core][INFO] 2017-03-30 15:24:09,058: signal_shutdown [signal-2]
[rosout][INFO] 2017-03-30 15:24:09,058: Shutting down spawner. Stopping and unloading controllers...
[rosout][INFO] 2017-03-30 15:24:10,066: Stopping all controllers...
[rosout][INFO] 2017-03-30 15:24:10,070: Unloading all loaded controllers...
[rosout][INFO] 2017-03-30 15:24:10,070: Trying to unload joint2_torque_controller
[rosout][INFO] 2017-03-30 15:24:10,075: Succeeded in unloading joint2_torque_controller
[rosout][INFO] 2017-03-30 15:24:10,075: Trying to unload joint_state_controller
[rosout][INFO] 2017-03-30 15:24:10,086: Succeeded in unloading joint_state_controller
[rospy.internal][INFO] 2017-03-30 15:24:10,090: topic[/rosout] removing connection to /rosout
[rospy.internal][INFO] 2017-03-30 15:24:10,091: topic[/clock] removing connection to http://hancheol:36835/
[rospy.impl.masterslave][INFO] 2017-03-30 15:24:10,091: signal-2
[rospy.core][INFO] 2017-03-30 15:24:10,207: signal_shutdown [atexit]
