[rospy.client][INFO] 2017-03-30 15:30:33,014: init_node, name[/rrbot/controller_spawner], pid[10478]
[xmlrpc][INFO] 2017-03-30 15:30:33,015: XML-RPC server binding to 0.0.0.0:0
[xmlrpc][INFO] 2017-03-30 15:30:33,015: Started XML-RPC server [http://hancheol:37351/]
[rospy.impl.masterslave][INFO] 2017-03-30 15:30:33,016: _ready: http://hancheol:37351/
[rospy.init][INFO] 2017-03-30 15:30:33,015: ROS Slave URI: [http://hancheol:37351/]
[rospy.registration][INFO] 2017-03-30 15:30:33,016: Registering with master node http://localhost:11311
[xmlrpc][INFO] 2017-03-30 15:30:33,017: xml rpc node: starting XML-RPC server
[rospy.init][INFO] 2017-03-30 15:30:33,117: registered with master
[rospy.rosout][INFO] 2017-03-30 15:30:33,117: initializing /rosout core topic
[rospy.rosout][INFO] 2017-03-30 15:30:33,123: connected to core topic /rosout
[rospy.simtime][INFO] 2017-03-30 15:30:33,124: initializing /clock core topic
[rospy.simtime][INFO] 2017-03-30 15:30:33,130: connected to core topic /clock
[rospy.internal][INFO] 2017-03-30 15:30:33,133: topic[/clock] adding connection to [http://hancheol:34746/], count 0
[rosout][INFO] 2017-03-30 15:30:33,139: Controller Spawner: Waiting for service controller_manager/load_controller
[rosout][INFO] 2017-03-30 15:30:33,143: Controller Spawner: Waiting for service controller_manager/switch_controller
[rosout][INFO] 2017-03-30 15:30:33,148: Controller Spawner: Waiting for service controller_manager/unload_controller
[rosout][INFO] 2017-03-30 15:30:33,151: Loading controller: joint_state_controller
[rosout][INFO] 2017-03-30 15:30:33,224: Loading controller: joint2_torque_controller
[rospy.internal][INFO] 2017-03-30 15:30:33,269: topic[/rosout] adding connection to [/rosout], count 0
[rosout][INFO] 2017-03-30 15:30:33,314: Controller Spawner: Loaded controllers: joint_state_controller, joint2_torque_controller
[rosout][INFO] 2017-03-30 15:30:33,322: Started controllers: joint_state_controller, joint2_torque_controller
[rospy.core][INFO] 2017-03-30 15:31:08,117: signal_shutdown [signal-2]
[rosout][INFO] 2017-03-30 15:31:08,118: Shutting down spawner. Stopping and unloading controllers...
[rosout][INFO] 2017-03-30 15:31:09,127: Stopping all controllers...
[rosout][INFO] 2017-03-30 15:31:09,131: Unloading all loaded controllers...
[rosout][INFO] 2017-03-30 15:31:09,131: Trying to unload joint2_torque_controller
[rosout][INFO] 2017-03-30 15:31:09,140: Succeeded in unloading joint2_torque_controller
[rosout][INFO] 2017-03-30 15:31:09,142: Trying to unload joint_state_controller
[rosout][INFO] 2017-03-30 15:31:09,151: Succeeded in unloading joint_state_controller
[rospy.internal][INFO] 2017-03-30 15:31:09,155: topic[/rosout] removing connection to /rosout
[rospy.internal][INFO] 2017-03-30 15:31:09,156: topic[/clock] removing connection to http://hancheol:34746/
[rospy.impl.masterslave][INFO] 2017-03-30 15:31:09,156: signal-2
[rospy.core][INFO] 2017-03-30 15:31:09,772: signal_shutdown [atexit]
[rospy.client][INFO] 2017-03-30 15:33:13,001: init_node, name[/rrbot/controller_spawner], pid[10923]
[xmlrpc][INFO] 2017-03-30 15:33:13,001: XML-RPC server binding to 0.0.0.0:0
[xmlrpc][INFO] 2017-03-30 15:33:13,002: Started XML-RPC server [http://hancheol:34196/]
[rospy.impl.masterslave][INFO] 2017-03-30 15:33:13,002: _ready: http://hancheol:34196/
[rospy.registration][INFO] 2017-03-30 15:33:13,004: Registering with master node http://localhost:11311
[xmlrpc][INFO] 2017-03-30 15:33:13,005: xml rpc node: starting XML-RPC server
[rospy.init][INFO] 2017-03-30 15:33:13,006: ROS Slave URI: [http://hancheol:34196/]
[rospy.init][INFO] 2017-03-30 15:33:13,006: registered with master
[rospy.rosout][INFO] 2017-03-30 15:33:13,006: initializing /rosout core topic
[rospy.rosout][INFO] 2017-03-30 15:33:13,009: connected to core topic /rosout
[rospy.simtime][INFO] 2017-03-30 15:33:13,016: initializing /clock core topic
[rospy.simtime][INFO] 2017-03-30 15:33:13,038: connected to core topic /clock
[rosout][INFO] 2017-03-30 15:33:13,045: Controller Spawner: Waiting for service controller_manager/load_controller
[rosout][INFO] 2017-03-30 15:33:13,048: Controller Spawner: Waiting for service controller_manager/switch_controller
[rosout][INFO] 2017-03-30 15:33:13,051: Controller Spawner: Waiting for service controller_manager/unload_controller
[rosout][INFO] 2017-03-30 15:33:13,058: Loading controller: joint_state_controller
[rospy.internal][INFO] 2017-03-30 15:33:13,059: topic[/clock] adding connection to [http://hancheol:34746/], count 0
[rosout][INFO] 2017-03-30 15:33:13,082: Loading controller: joint2_torque_controller
[rosout][INFO] 2017-03-30 15:33:13,116: Controller Spawner: Loaded controllers: joint_state_controller, joint2_torque_controller
[rosout][INFO] 2017-03-30 15:33:13,125: Started controllers: joint_state_controller, joint2_torque_controller
[rospy.internal][INFO] 2017-03-30 15:33:13,230: topic[/rosout] adding connection to [/rosout], count 0
[rospy.core][INFO] 2017-03-30 15:33:17,845: signal_shutdown [signal-2]
[rosout][INFO] 2017-03-30 15:33:17,845: Shutting down spawner. Stopping and unloading controllers...
[rosout][INFO] 2017-03-30 15:33:18,850: Stopping all controllers...
[rosout][INFO] 2017-03-30 15:33:18,855: Unloading all loaded controllers...
[rosout][INFO] 2017-03-30 15:33:18,856: Trying to unload joint2_torque_controller
[rosout][INFO] 2017-03-30 15:33:18,865: Succeeded in unloading joint2_torque_controller
[rosout][INFO] 2017-03-30 15:33:18,866: Trying to unload joint_state_controller
[rosout][INFO] 2017-03-30 15:33:18,871: Succeeded in unloading joint_state_controller
[rospy.internal][INFO] 2017-03-30 15:33:18,875: topic[/rosout] removing connection to /rosout
[rospy.internal][INFO] 2017-03-30 15:33:18,875: topic[/clock] removing connection to http://hancheol:34746/
[rospy.impl.masterslave][INFO] 2017-03-30 15:33:18,876: signal-2
[rospy.core][INFO] 2017-03-30 15:33:19,040: signal_shutdown [atexit]
[rospy.client][INFO] 2017-03-30 15:34:18,742: init_node, name[/rrbot/controller_spawner], pid[11217]
[xmlrpc][INFO] 2017-03-30 15:34:18,742: XML-RPC server binding to 0.0.0.0:0
[xmlrpc][INFO] 2017-03-30 15:34:18,743: Started XML-RPC server [http://hancheol:43033/]
[rospy.impl.masterslave][INFO] 2017-03-30 15:34:18,743: _ready: http://hancheol:43033/
[rospy.init][INFO] 2017-03-30 15:34:18,744: ROS Slave URI: [http://hancheol:43033/]
[rospy.registration][INFO] 2017-03-30 15:34:18,745: Registering with master node http://localhost:11311
[xmlrpc][INFO] 2017-03-30 15:34:18,745: xml rpc node: starting XML-RPC server
[rospy.init][INFO] 2017-03-30 15:34:18,845: registered with master
[rospy.rosout][INFO] 2017-03-30 15:34:18,845: initializing /rosout core topic
[rospy.rosout][INFO] 2017-03-30 15:34:18,849: connected to core topic /rosout
[rospy.simtime][INFO] 2017-03-30 15:34:18,852: initializing /clock core topic
[rospy.simtime][INFO] 2017-03-30 15:34:18,861: connected to core topic /clock
[rospy.internal][INFO] 2017-03-30 15:34:18,872: topic[/clock] adding connection to [http://hancheol:34746/], count 0
[rosout][INFO] 2017-03-30 15:34:18,873: Controller Spawner: Waiting for service controller_manager/load_controller
[rosout][INFO] 2017-03-30 15:34:18,878: Controller Spawner: Waiting for service controller_manager/switch_controller
[rosout][INFO] 2017-03-30 15:34:18,883: Controller Spawner: Waiting for service controller_manager/unload_controller
[rosout][INFO] 2017-03-30 15:34:18,891: Loading controller: joint_state_controller
[rosout][INFO] 2017-03-30 15:34:18,917: Loading controller: joint2_torque_controller
[rosout][INFO] 2017-03-30 15:34:18,940: Controller Spawner: Loaded controllers: joint_state_controller, joint2_torque_controller
[rosout][INFO] 2017-03-30 15:34:18,952: Started controllers: joint_state_controller, joint2_torque_controller
[rospy.internal][INFO] 2017-03-30 15:34:19,145: topic[/rosout] adding connection to [/rosout], count 0
[rospy.core][INFO] 2017-03-30 15:34:31,233: signal_shutdown [signal-2]
[rosout][INFO] 2017-03-30 15:34:31,234: Shutting down spawner. Stopping and unloading controllers...
[rosout][INFO] 2017-03-30 15:34:32,240: Stopping all controllers...
[rosout][INFO] 2017-03-30 15:34:32,245: Unloading all loaded controllers...
[rosout][INFO] 2017-03-30 15:34:32,247: Trying to unload joint2_torque_controller
[rosout][INFO] 2017-03-30 15:34:32,254: Succeeded in unloading joint2_torque_controller
[rosout][INFO] 2017-03-30 15:34:32,255: Trying to unload joint_state_controller
[rosout][INFO] 2017-03-30 15:34:32,264: Succeeded in unloading joint_state_controller
[rospy.internal][INFO] 2017-03-30 15:34:32,270: topic[/rosout] removing connection to /rosout
[rospy.internal][INFO] 2017-03-30 15:34:32,270: topic[/clock] removing connection to http://hancheol:34746/
[rospy.impl.masterslave][INFO] 2017-03-30 15:34:32,271: signal-2
[rospy.core][INFO] 2017-03-30 15:34:32,403: signal_shutdown [atexit]
[rospy.client][INFO] 2017-03-30 15:34:47,243: init_node, name[/rrbot/controller_spawner], pid[11375]
[xmlrpc][INFO] 2017-03-30 15:34:47,243: XML-RPC server binding to 0.0.0.0:0
[rospy.init][INFO] 2017-03-30 15:34:47,244: ROS Slave URI: [http://hancheol:39426/]
[xmlrpc][INFO] 2017-03-30 15:34:47,244: Started XML-RPC server [http://hancheol:39426/]
[rospy.impl.masterslave][INFO] 2017-03-30 15:34:47,244: _ready: http://hancheol:39426/
[rospy.registration][INFO] 2017-03-30 15:34:47,245: Registering with master node http://localhost:11311
[xmlrpc][INFO] 2017-03-30 15:34:47,249: xml rpc node: starting XML-RPC server
[rospy.init][INFO] 2017-03-30 15:34:47,345: registered with master
[rospy.rosout][INFO] 2017-03-30 15:34:47,345: initializing /rosout core topic
[rospy.rosout][INFO] 2017-03-30 15:34:47,350: connected to core topic /rosout
[rospy.simtime][INFO] 2017-03-30 15:34:47,353: initializing /clock core topic
[rospy.simtime][INFO] 2017-03-30 15:34:47,362: connected to core topic /clock
[rosout][INFO] 2017-03-30 15:34:47,375: Controller Spawner: Waiting for service controller_manager/load_controller
[rosout][INFO] 2017-03-30 15:34:47,383: Controller Spawner: Waiting for service controller_manager/switch_controller
[rosout][INFO] 2017-03-30 15:34:47,395: Controller Spawner: Waiting for service controller_manager/unload_controller
[rosout][INFO] 2017-03-30 15:34:47,405: Loading controller: joint_state_controller
[rospy.internal][INFO] 2017-03-30 15:34:47,412: topic[/clock] adding connection to [http://hancheol:34746/], count 0
[rosout][INFO] 2017-03-30 15:34:47,431: Loading controller: joint2_torque_controller
[rosout][INFO] 2017-03-30 15:34:47,467: Controller Spawner: Loaded controllers: joint_state_controller, joint2_torque_controller
[rosout][INFO] 2017-03-30 15:34:47,472: Started controllers: joint_state_controller, joint2_torque_controller
[rospy.internal][INFO] 2017-03-30 15:34:47,608: topic[/rosout] adding connection to [/rosout], count 0
[rospy.core][INFO] 2017-03-30 15:35:03,732: signal_shutdown [signal-2]
[rosout][INFO] 2017-03-30 15:35:03,732: Shutting down spawner. Stopping and unloading controllers...
[rosout][INFO] 2017-03-30 15:35:04,739: Stopping all controllers...
[rosout][INFO] 2017-03-30 15:35:04,745: Unloading all loaded controllers...
[rosout][INFO] 2017-03-30 15:35:04,747: Trying to unload joint2_torque_controller
[rosout][INFO] 2017-03-30 15:35:04,767: Succeeded in unloading joint2_torque_controller
[rosout][INFO] 2017-03-30 15:35:04,769: Trying to unload joint_state_controller
[rosout][INFO] 2017-03-30 15:35:04,782: Succeeded in unloading joint_state_controller
[rospy.internal][INFO] 2017-03-30 15:35:04,788: topic[/rosout] removing connection to /rosout
[rospy.internal][INFO] 2017-03-30 15:35:04,788: topic[/clock] removing connection to http://hancheol:34746/
[rospy.impl.masterslave][INFO] 2017-03-30 15:35:04,789: signal-2
[rospy.core][INFO] 2017-03-30 15:35:04,894: signal_shutdown [atexit]
[rospy.client][INFO] 2017-03-30 15:35:09,367: init_node, name[/rrbot/controller_spawner], pid[11545]
[xmlrpc][INFO] 2017-03-30 15:35:09,368: XML-RPC server binding to 0.0.0.0:0
[xmlrpc][INFO] 2017-03-30 15:35:09,369: Started XML-RPC server [http://hancheol:42689/]
[rospy.init][INFO] 2017-03-30 15:35:09,369: ROS Slave URI: [http://hancheol:42689/]
[rospy.impl.masterslave][INFO] 2017-03-30 15:35:09,370: _ready: http://hancheol:42689/
[rospy.registration][INFO] 2017-03-30 15:35:09,372: Registering with master node http://localhost:11311
[xmlrpc][INFO] 2017-03-30 15:35:09,373: xml rpc node: starting XML-RPC server
[rospy.init][INFO] 2017-03-30 15:35:09,473: registered with master
[rospy.rosout][INFO] 2017-03-30 15:35:09,473: initializing /rosout core topic
[rospy.rosout][INFO] 2017-03-30 15:35:09,478: connected to core topic /rosout
[rospy.simtime][INFO] 2017-03-30 15:35:09,484: initializing /clock core topic
[rospy.simtime][INFO] 2017-03-30 15:35:09,494: connected to core topic /clock
[rosout][INFO] 2017-03-30 15:35:09,503: Controller Spawner: Waiting for service controller_manager/load_controller
[rosout][INFO] 2017-03-30 15:35:09,510: Controller Spawner: Waiting for service controller_manager/switch_controller
[rosout][INFO] 2017-03-30 15:35:09,516: Controller Spawner: Waiting for service controller_manager/unload_controller
[rosout][INFO] 2017-03-30 15:35:09,520: Loading controller: joint_state_controller
[rospy.internal][INFO] 2017-03-30 15:35:09,540: topic[/clock] adding connection to [http://hancheol:34746/], count 0
[rosout][INFO] 2017-03-30 15:35:09,546: Loading controller: joint2_torque_controller
[rosout][INFO] 2017-03-30 15:35:09,578: Controller Spawner: Loaded controllers: joint_state_controller, joint2_torque_controller
[rosout][INFO] 2017-03-30 15:35:09,587: Started controllers: joint_state_controller, joint2_torque_controller
[rospy.internal][INFO] 2017-03-30 15:35:09,671: topic[/rosout] adding connection to [/rosout], count 0
[rospy.core][INFO] 2017-03-30 15:35:27,951: signal_shutdown [signal-2]
[rosout][INFO] 2017-03-30 15:35:27,951: Shutting down spawner. Stopping and unloading controllers...
[rosout][INFO] 2017-03-30 15:35:28,955: Stopping all controllers...
[rosout][INFO] 2017-03-30 15:35:28,959: Unloading all loaded controllers...
[rosout][INFO] 2017-03-30 15:35:28,960: Trying to unload joint2_torque_controller
[rosout][INFO] 2017-03-30 15:35:28,969: Succeeded in unloading joint2_torque_controller
[rosout][INFO] 2017-03-30 15:35:28,970: Trying to unload joint_state_controller
[rosout][INFO] 2017-03-30 15:35:28,977: Succeeded in unloading joint_state_controller
[rospy.internal][INFO] 2017-03-30 15:35:28,981: topic[/rosout] removing connection to /rosout
[rospy.internal][INFO] 2017-03-30 15:35:28,982: topic[/clock] removing connection to http://hancheol:34746/
[rospy.impl.masterslave][INFO] 2017-03-30 15:35:28,982: signal-2
[rospy.core][INFO] 2017-03-30 15:35:29,146: signal_shutdown [atexit]
