[rospy.client][INFO] 2017-03-30 15:20:47,338: init_node, name[/acrobot_control_node], pid[5460]
[xmlrpc][INFO] 2017-03-30 15:20:47,339: XML-RPC server binding to 0.0.0.0:0
[xmlrpc][INFO] 2017-03-30 15:20:47,339: Started XML-RPC server [http://hancheol:38481/]
[rospy.impl.masterslave][INFO] 2017-03-30 15:20:47,339: _ready: http://hancheol:38481/
[rospy.init][INFO] 2017-03-30 15:20:47,340: ROS Slave URI: [http://hancheol:38481/]
[rospy.registration][INFO] 2017-03-30 15:20:47,340: Registering with master node http://localhost:11311
[xmlrpc][INFO] 2017-03-30 15:20:47,344: xml rpc node: starting XML-RPC server
[rospy.init][INFO] 2017-03-30 15:20:47,441: registered with master
[rospy.rosout][INFO] 2017-03-30 15:20:47,441: initializing /rosout core topic
[rospy.rosout][INFO] 2017-03-30 15:20:47,446: connected to core topic /rosout
[rospy.simtime][INFO] 2017-03-30 15:20:47,450: initializing /clock core topic
[rospy.simtime][INFO] 2017-03-30 15:20:47,457: connected to core topic /clock
[rosout][INFO] 2017-03-30 15:20:47,484: /acrobot_control_nodeu = 5.205541
[rospy.internal][INFO] 2017-03-30 15:20:47,506: topic[/clock] adding connection to [http://hancheol:37762/], count 0
[rospy.internal][INFO] 2017-03-30 15:20:47,753: topic[/rosout] adding connection to [/rosout], count 0
[rospy.internal][INFO] 2017-03-30 15:20:47,774: topic[/rrbot/joint_states] adding connection to [http://hancheol:37762/], count 0
[rospy.internal][INFO] 2017-03-30 15:20:47,857: topic[/rrbot/joint2_torque_controller/command] adding connection to [/gazebo], count 0
[rosout][INFO] 2017-03-30 15:20:48,538: /acrobot_control_nodeu = nan
[rosout][INFO] 2017-03-30 15:20:48,540: /acrobot_control_nodeu = nan
[rosout][INFO] 2017-03-30 15:20:49,547: /acrobot_control_nodeu = nan
[rosout][INFO] 2017-03-30 15:20:50,565: /acrobot_control_nodeu = nan
[rosout][INFO] 2017-03-30 15:20:51,574: /acrobot_control_nodeu = nan
[rosout][INFO] 2017-03-30 15:20:52,579: /acrobot_control_nodeu = nan
[rosout][INFO] 2017-03-30 15:20:53,589: /acrobot_control_nodeu = nan
[rosout][INFO] 2017-03-30 15:20:54,597: /acrobot_control_nodeu = nan
[rosout][INFO] 2017-03-30 15:20:55,607: /acrobot_control_nodeu = nan
[rosout][INFO] 2017-03-30 15:20:56,614: /acrobot_control_nodeu = nan
[rosout][INFO] 2017-03-30 15:20:57,624: /acrobot_control_nodeu = nan
[rosout][INFO] 2017-03-30 15:20:58,639: /acrobot_control_nodeu = nan
[rosout][INFO] 2017-03-30 15:20:59,649: /acrobot_control_nodeu = nan
[rosout][INFO] 2017-03-30 15:21:00,657: /acrobot_control_nodeu = nan
[rosout][INFO] 2017-03-30 15:21:01,667: /acrobot_control_nodeu = nan
[rosout][INFO] 2017-03-30 15:21:02,678: /acrobot_control_nodeu = nan
[rosout][INFO] 2017-03-30 15:21:03,696: /acrobot_control_nodeu = nan
[rosout][INFO] 2017-03-30 15:21:04,706: /acrobot_control_nodeu = nan
[rosout][INFO] 2017-03-30 15:21:05,712: /acrobot_control_nodeu = nan
[rospy.core][INFO] 2017-03-30 15:21:06,688: signal_shutdown [signal-2]
[rospy.internal][INFO] 2017-03-30 15:21:06,695: topic[/rrbot/joint2_torque_controller/command] removing connection to /gazebo
[rospy.internal][INFO] 2017-03-30 15:21:06,695: topic[/rosout] removing connection to /rosout
[rospy.internal][INFO] 2017-03-30 15:21:06,695: topic[/clock] removing connection to http://hancheol:37762/
[rospy.internal][INFO] 2017-03-30 15:21:06,696: topic[/rrbot/joint_states] removing connection to http://hancheol:37762/
[rospy.impl.masterslave][INFO] 2017-03-30 15:21:06,696: signal-2
[rospy.internal][WARNING] 2017-03-30 15:21:06,708: Unknown error initiating TCP/IP socket to hancheol:52629 (http://hancheol:37762/): Traceback (most recent call last):
  File "/opt/ros/kinetic/lib/python2.7/dist-packages/rospy/impl/tcpros_base.py", line 558, in connect
    self.local_endpoint = self.socket.getsockname()
AttributeError: 'NoneType' object has no attribute 'getsockname'

[rospy.core][INFO] 2017-03-30 15:21:07,314: signal_shutdown [atexit]
