[rospy.client][INFO] 2017-03-30 15:29:50,283: init_node, name[/acrobot_control_node], pid[9808]
[xmlrpc][INFO] 2017-03-30 15:29:50,284: XML-RPC server binding to 0.0.0.0:0
[xmlrpc][INFO] 2017-03-30 15:29:50,284: Started XML-RPC server [http://hancheol:37386/]
[rospy.impl.masterslave][INFO] 2017-03-30 15:29:50,284: _ready: http://hancheol:37386/
[rospy.init][INFO] 2017-03-30 15:29:50,284: ROS Slave URI: [http://hancheol:37386/]
[xmlrpc][INFO] 2017-03-30 15:29:50,286: xml rpc node: starting XML-RPC server
[rospy.registration][INFO] 2017-03-30 15:29:50,285: Registering with master node http://localhost:11311
[rospy.init][INFO] 2017-03-30 15:29:50,386: registered with master
[rospy.rosout][INFO] 2017-03-30 15:29:50,386: initializing /rosout core topic
[rospy.rosout][INFO] 2017-03-30 15:29:50,390: connected to core topic /rosout
[rospy.simtime][INFO] 2017-03-30 15:29:50,394: initializing /clock core topic
[rospy.simtime][INFO] 2017-03-30 15:29:50,405: connected to core topic /clock
[rosout][INFO] 2017-03-30 15:29:50,424: /acrobot_control_node, u = 5.205541
[rospy.internal][INFO] 2017-03-30 15:29:50,452: topic[/clock] adding connection to [http://hancheol:44453/], count 0
[rosout][INFO] 2017-03-30 15:29:50,511: /acrobot_control_node, u = 5.205541
[rosout][INFO] 2017-03-30 15:29:50,512: /acrobot_control_node, u = 5.205541
[rosout][INFO] 2017-03-30 15:29:50,522: /acrobot_control_node, u = 5.205541
[rosout][INFO] 2017-03-30 15:29:50,534: /acrobot_control_node, u = 5.205541
[rosout][INFO] 2017-03-30 15:29:50,549: /acrobot_control_node, u = 5.205541
[rosout][INFO] 2017-03-30 15:29:50,559: /acrobot_control_node, u = 5.205541
[rospy.internal][INFO] 2017-03-30 15:29:50,567: topic[/rrbot/joint_states] adding connection to [http://hancheol:44453/], count 0
[rosout][INFO] 2017-03-30 15:29:50,577: /acrobot_control_node, u = 5.205541
[rosout][INFO] 2017-03-30 15:29:50,586: /acrobot_control_node, u = 5.205541
[rosout][INFO] 2017-03-30 15:29:50,596: /acrobot_control_node, u = 5.205541
[rosout][INFO] 2017-03-30 15:29:50,605: /acrobot_control_node, u = -0.041065
[rosout][INFO] 2017-03-30 15:29:50,613: /acrobot_control_node, u = -0.041065
[rosout][INFO] 2017-03-30 15:29:50,622: /acrobot_control_node, u = -0.043935
[rosout][INFO] 2017-03-30 15:29:50,634: /acrobot_control_node, u = -0.043935
[rosout][INFO] 2017-03-30 15:29:50,643: /acrobot_control_node, u = -0.047005
[rospy.internal][INFO] 2017-03-30 15:29:50,645: topic[/rosout] adding connection to [/rosout], count 0
[rosout][INFO] 2017-03-30 15:29:50,656: /acrobot_control_node, u = -0.050289
[rosout][INFO] 2017-03-30 15:29:50,661: /acrobot_control_node, u = -0.050289
[rosout][INFO] 2017-03-30 15:29:50,672: /acrobot_control_node, u = -0.050289
[rosout][INFO] 2017-03-30 15:29:50,683: /acrobot_control_node, u = -0.053801
[rosout][INFO] 2017-03-30 15:29:50,692: /acrobot_control_node, u = -0.053801
[rosout][INFO] 2017-03-30 15:29:50,702: /acrobot_control_node, u = -0.057559
[rosout][INFO] 2017-03-30 15:29:50,711: /acrobot_control_node, u = -0.057559
[rosout][INFO] 2017-03-30 15:29:50,720: /acrobot_control_node, u = -0.061578
[rosout][INFO] 2017-03-30 15:29:50,730: /acrobot_control_node, u = -0.061578
[rosout][INFO] 2017-03-30 15:29:50,740: /acrobot_control_node, u = -0.065877
[rosout][INFO] 2017-03-30 15:29:50,750: /acrobot_control_node, u = -0.065877
[rosout][INFO] 2017-03-30 15:29:50,761: /acrobot_control_node, u = -0.070474
[rosout][INFO] 2017-03-30 15:29:50,773: /acrobot_control_node, u = -0.075390
[rosout][INFO] 2017-03-30 15:29:50,784: /acrobot_control_node, u = -0.075390
[rosout][INFO] 2017-03-30 15:29:50,792: /acrobot_control_node, u = -0.075390
[rosout][INFO] 2017-03-30 15:29:50,802: /acrobot_control_node, u = -0.080646
[rosout][INFO] 2017-03-30 15:29:50,814: /acrobot_control_node, u = -0.080646
[rosout][INFO] 2017-03-30 15:29:50,824: /acrobot_control_node, u = -0.086267
[rospy.internal][INFO] 2017-03-30 15:29:50,847: topic[/rrbot/joint2_torque_controller/command] adding connection to [/gazebo], count 0
[rosout][INFO] 2017-03-30 15:29:50,852: /acrobot_control_node, u = -0.092275
[rosout][INFO] 2017-03-30 15:29:50,861: /acrobot_control_node, u = -0.092275
[rosout][INFO] 2017-03-30 15:29:50,871: /acrobot_control_node, u = -0.092275
[rosout][INFO] 2017-03-30 15:29:50,881: /acrobot_control_node, u = -0.098400
[rosout][INFO] 2017-03-30 15:29:50,893: /acrobot_control_node, u = -0.098400
[rosout][INFO] 2017-03-30 15:29:50,904: /acrobot_control_node, u = -0.103915
[rosout][INFO] 2017-03-30 15:29:50,915: /acrobot_control_node, u = -0.103915
[rosout][INFO] 2017-03-30 15:29:50,925: /acrobot_control_node, u = -0.108940
[rosout][INFO] 2017-03-30 15:29:50,934: /acrobot_control_node, u = -0.108940
[rosout][INFO] 2017-03-30 15:29:50,946: /acrobot_control_node, u = -0.113602
[rosout][INFO] 2017-03-30 15:29:50,958: /acrobot_control_node, u = -0.113602
[rosout][INFO] 2017-03-30 15:29:50,968: /acrobot_control_node, u = -0.118001
[rosout][INFO] 2017-03-30 15:29:50,980: /acrobot_control_node, u = -0.118001
[rosout][INFO] 2017-03-30 15:29:50,989: /acrobot_control_node, u = -0.122215
[rosout][INFO] 2017-03-30 15:29:51,002: /acrobot_control_node, u = -0.126305
[rosout][INFO] 2017-03-30 15:29:51,013: /acrobot_control_node, u = -0.126305
[rosout][INFO] 2017-03-30 15:29:51,021: /acrobot_control_node, u = -0.126305
[rosout][INFO] 2017-03-30 15:29:51,031: /acrobot_control_node, u = -0.130300
[rosout][INFO] 2017-03-30 15:29:51,041: /acrobot_control_node, u = -0.130300
[rosout][INFO] 2017-03-30 15:29:51,058: /acrobot_control_node, u = -0.134253
[rosout][INFO] 2017-03-30 15:29:51,067: /acrobot_control_node, u = -0.134253
[rosout][INFO] 2017-03-30 15:29:51,078: /acrobot_control_node, u = -0.138204
[rosout][INFO] 2017-03-30 15:29:51,090: /acrobot_control_node, u = -0.138204
[rosout][INFO] 2017-03-30 15:29:51,100: /acrobot_control_node, u = -0.142173
[rosout][INFO] 2017-03-30 15:29:51,111: /acrobot_control_node, u = -0.142173
[rosout][INFO] 2017-03-30 15:29:51,120: /acrobot_control_node, u = -0.146178
[rosout][INFO] 2017-03-30 15:29:51,131: /acrobot_control_node, u = -0.146178
[rosout][INFO] 2017-03-30 15:29:51,141: /acrobot_control_node, u = -0.150233
[rosout][INFO] 2017-03-30 15:29:51,152: /acrobot_control_node, u = -0.150233
[rosout][INFO] 2017-03-30 15:29:51,164: /acrobot_control_node, u = -0.154353
[rosout][INFO] 2017-03-30 15:29:51,175: /acrobot_control_node, u = -0.154475
[rosout][INFO] 2017-03-30 15:29:51,186: /acrobot_control_node, u = -0.158548
[rosout][INFO] 2017-03-30 15:29:51,195: /acrobot_control_node, u = -0.158548
[rosout][INFO] 2017-03-30 15:29:51,209: /acrobot_control_node, u = -0.162825
[rosout][INFO] 2017-03-30 15:29:51,227: /acrobot_control_node, u = -0.167193
[rosout][INFO] 2017-03-30 15:29:51,234: /acrobot_control_node, u = -0.167193
[rosout][INFO] 2017-03-30 15:29:51,243: /acrobot_control_node, u = -0.167193
[rosout][INFO] 2017-03-30 15:29:51,254: /acrobot_control_node, u = -0.171659
[rosout][INFO] 2017-03-30 15:29:51,264: /acrobot_control_node, u = -0.171659
[rosout][INFO] 2017-03-30 15:29:51,273: /acrobot_control_node, u = -0.176214
[rosout][INFO] 2017-03-30 15:29:51,290: /acrobot_control_node, u = -0.180862
[rosout][INFO] 2017-03-30 15:29:51,295: /acrobot_control_node, u = -0.180862
[rosout][INFO] 2017-03-30 15:29:51,305: /acrobot_control_node, u = -0.180862
[rosout][INFO] 2017-03-30 15:29:51,317: /acrobot_control_node, u = -0.185598
[rosout][INFO] 2017-03-30 15:29:51,329: /acrobot_control_node, u = -0.190428
[rosout][INFO] 2017-03-30 15:29:51,338: /acrobot_control_node, u = -0.190428
[rosout][INFO] 2017-03-30 15:29:51,347: /acrobot_control_node, u = -0.190428
[rosout][INFO] 2017-03-30 15:29:51,359: /acrobot_control_node, u = -0.195334
[rosout][INFO] 2017-03-30 15:29:51,369: /acrobot_control_node, u = -0.195456
[rosout][INFO] 2017-03-30 15:29:51,378: /acrobot_control_node, u = -0.200336
[rosout][INFO] 2017-03-30 15:29:51,389: /acrobot_control_node, u = -0.200336
[rosout][INFO] 2017-03-30 15:29:51,400: /acrobot_control_node, u = -0.205439
[rosout][INFO] 2017-03-30 15:29:51,410: /acrobot_control_node, u = -0.205439
[rosout][INFO] 2017-03-30 15:29:51,419: /acrobot_control_node, u = -0.210644
[rosout][INFO] 2017-03-30 15:29:51,430: /acrobot_control_node, u = -0.210644
[rosout][INFO] 2017-03-30 15:29:51,440: /acrobot_control_node, u = -0.215953
[rosout][INFO] 2017-03-30 15:29:51,449: /acrobot_control_node, u = -0.215953
[rosout][INFO] 2017-03-30 15:29:51,460: /acrobot_control_node, u = -0.221360
[rosout][INFO] 2017-03-30 15:29:51,470: /acrobot_control_node, u = -0.221360
[rosout][INFO] 2017-03-30 15:29:51,480: /acrobot_control_node, u = -0.226860
[rosout][INFO] 2017-03-30 15:29:51,490: /acrobot_control_node, u = -0.226860
[rosout][INFO] 2017-03-30 15:29:51,500: /acrobot_control_node, u = -0.232447
[rosout][INFO] 2017-03-30 15:29:51,509: /acrobot_control_node, u = -0.232447
[rosout][INFO] 2017-03-30 15:29:51,519: /acrobot_control_node, u = -0.238120
[rosout][INFO] 2017-03-30 15:29:51,530: /acrobot_control_node, u = -0.238120
[rosout][INFO] 2017-03-30 15:29:51,541: /acrobot_control_node, u = -0.243871
[rosout][INFO] 2017-03-30 15:29:51,549: /acrobot_control_node, u = -0.243871
[rosout][INFO] 2017-03-30 15:29:51,560: /acrobot_control_node, u = -0.249701
[rosout][INFO] 2017-03-30 15:29:51,570: /acrobot_control_node, u = -0.249701
[rosout][INFO] 2017-03-30 15:29:51,581: /acrobot_control_node, u = -0.255611
[rosout][INFO] 2017-03-30 15:29:51,591: /acrobot_control_node, u = -0.255611
[rosout][INFO] 2017-03-30 15:29:51,601: /acrobot_control_node, u = -0.261600
[rosout][INFO] 2017-03-30 15:29:51,611: /acrobot_control_node, u = -0.261600
[rosout][INFO] 2017-03-30 15:29:51,620: /acrobot_control_node, u = -0.267655
[rosout][INFO] 2017-03-30 15:29:51,631: /acrobot_control_node, u = -0.267655
[rosout][INFO] 2017-03-30 15:29:51,642: /acrobot_control_node, u = -0.273769
[rosout][INFO] 2017-03-30 15:29:51,651: /acrobot_control_node, u = -0.273769
[rosout][INFO] 2017-03-30 15:29:51,661: /acrobot_control_node, u = -0.279934
[rosout][INFO] 2017-03-30 15:29:51,678: /acrobot_control_node, u = -0.286147
[rosout][INFO] 2017-03-30 15:29:51,683: /acrobot_control_node, u = -0.286147
[rosout][INFO] 2017-03-30 15:29:51,693: /acrobot_control_node, u = -0.286147
[rosout][INFO] 2017-03-30 15:29:51,704: /acrobot_control_node, u = -0.292385
[rosout][INFO] 2017-03-30 15:29:51,712: /acrobot_control_node, u = -0.292385
[rosout][INFO] 2017-03-30 15:29:51,728: /acrobot_control_node, u = -0.298658
[rosout][INFO] 2017-03-30 15:29:51,738: /acrobot_control_node, u = -0.298658
[rosout][INFO] 2017-03-30 15:29:51,747: /acrobot_control_node, u = -0.304968
[rosout][INFO] 2017-03-30 15:29:51,761: /acrobot_control_node, u = -0.304968
[rosout][INFO] 2017-03-30 15:29:51,771: /acrobot_control_node, u = -0.311304
[rosout][INFO] 2017-03-30 15:29:51,785: /acrobot_control_node, u = -0.317664
[rosout][INFO] 2017-03-30 15:29:51,794: /acrobot_control_node, u = -0.317664
[rosout][INFO] 2017-03-30 15:29:51,804: /acrobot_control_node, u = -0.317664
[rosout][INFO] 2017-03-30 15:29:51,816: /acrobot_control_node, u = -0.324014
[rosout][INFO] 2017-03-30 15:29:51,828: /acrobot_control_node, u = -0.324014
[rosout][INFO] 2017-03-30 15:29:51,838: /acrobot_control_node, u = -0.330397
[rosout][INFO] 2017-03-30 15:29:51,850: /acrobot_control_node, u = -0.336809
[rosout][INFO] 2017-03-30 15:29:51,860: /acrobot_control_node, u = -0.336809
[rosout][INFO] 2017-03-30 15:29:51,870: /acrobot_control_node, u = -0.336809
[rosout][INFO] 2017-03-30 15:29:51,881: /acrobot_control_node, u = -0.343215
[rosout][INFO] 2017-03-30 15:29:51,891: /acrobot_control_node, u = -0.343215
[rosout][INFO] 2017-03-30 15:29:51,901: /acrobot_control_node, u = -0.349659
[rosout][INFO] 2017-03-30 15:29:51,911: /acrobot_control_node, u = -0.349659
[rosout][INFO] 2017-03-30 15:29:51,920: /acrobot_control_node, u = -0.356156
[rosout][INFO] 2017-03-30 15:29:51,930: /acrobot_control_node, u = -0.356156
[rosout][INFO] 2017-03-30 15:29:51,940: /acrobot_control_node, u = -0.362723
[rosout][INFO] 2017-03-30 15:29:51,951: /acrobot_control_node, u = -0.360045
[rosout][INFO] 2017-03-30 15:29:51,962: /acrobot_control_node, u = -0.369387
[rosout][INFO] 2017-03-30 15:29:51,971: /acrobot_control_node, u = -0.369387
[rosout][INFO] 2017-03-30 15:29:51,981: /acrobot_control_node, u = -0.376200
[rosout][INFO] 2017-03-30 15:29:51,994: /acrobot_control_node, u = -0.383208
[rosout][INFO] 2017-03-30 15:29:52,004: /acrobot_control_node, u = -0.383208
[rosout][INFO] 2017-03-30 15:29:52,016: /acrobot_control_node, u = -0.383208
[rosout][INFO] 2017-03-30 15:29:52,026: /acrobot_control_node, u = -0.390454
[rosout][INFO] 2017-03-30 15:29:52,035: /acrobot_control_node, u = -0.390454
[rosout][INFO] 2017-03-30 15:29:52,045: /acrobot_control_node, u = -0.398030
[rosout][INFO] 2017-03-30 15:29:52,055: /acrobot_control_node, u = -0.398030
[rosout][INFO] 2017-03-30 15:29:52,068: /acrobot_control_node, u = -0.406073
[rosout][INFO] 2017-03-30 15:29:52,078: /acrobot_control_node, u = -0.406073
[rosout][INFO] 2017-03-30 15:29:52,089: /acrobot_control_node, u = -0.414761
[rosout][INFO] 2017-03-30 15:29:52,100: /acrobot_control_node, u = -0.414761
[rosout][INFO] 2017-03-30 15:29:52,111: /acrobot_control_node, u = -0.424267
[rosout][INFO] 2017-03-30 15:29:52,121: /acrobot_control_node, u = -0.424267
[rosout][INFO] 2017-03-30 15:29:52,131: /acrobot_control_node, u = -0.434857
[rosout][INFO] 2017-03-30 15:29:52,143: /acrobot_control_node, u = -0.434857
[rosout][INFO] 2017-03-30 15:29:52,154: /acrobot_control_node, u = -0.446835
[rosout][INFO] 2017-03-30 15:29:52,164: /acrobot_control_node, u = -0.446835
[rosout][INFO] 2017-03-30 15:29:52,177: /acrobot_control_node, u = -0.460647
[rosout][INFO] 2017-03-30 15:29:52,186: /acrobot_control_node, u = -0.460647
[rosout][INFO] 2017-03-30 15:29:52,197: /acrobot_control_node, u = -0.476840
[rosout][INFO] 2017-03-30 15:29:52,207: /acrobot_control_node, u = -0.476840
[rosout][INFO] 2017-03-30 15:29:52,221: /acrobot_control_node, u = -0.496148
[rosout][INFO] 2017-03-30 15:29:52,232: /acrobot_control_node, u = -0.496148
[rosout][INFO] 2017-03-30 15:29:52,243: /acrobot_control_node, u = -0.519473
[rosout][INFO] 2017-03-30 15:29:52,254: /acrobot_control_node, u = -0.519473
[rosout][INFO] 2017-03-30 15:29:52,264: /acrobot_control_node, u = -0.548023
[rosout][INFO] 2017-03-30 15:29:52,273: /acrobot_control_node, u = -0.548023
[rosout][INFO] 2017-03-30 15:29:52,284: /acrobot_control_node, u = -0.583308
[rosout][INFO] 2017-03-30 15:29:52,293: /acrobot_control_node, u = -0.583308
[rosout][INFO] 2017-03-30 15:29:52,303: /acrobot_control_node, u = -0.627366
[rosout][INFO] 2017-03-30 15:29:52,313: /acrobot_control_node, u = -0.627366
[rosout][INFO] 2017-03-30 15:29:52,326: /acrobot_control_node, u = -0.683258
[rosout][INFO] 2017-03-30 15:29:52,336: /acrobot_control_node, u = -0.754075
[rosout][INFO] 2017-03-30 15:29:52,344: /acrobot_control_node, u = -0.754075
[rosout][INFO] 2017-03-30 15:29:52,354: /acrobot_control_node, u = -0.754075
[rosout][INFO] 2017-03-30 15:29:52,365: /acrobot_control_node, u = -0.849393
[rosout][INFO] 2017-03-30 15:29:52,375: /acrobot_control_node, u = -0.849393
[rosout][INFO] 2017-03-30 15:29:52,386: /acrobot_control_node, u = -0.969489
[rosout][INFO] 2017-03-30 15:29:52,401: /acrobot_control_node, u = -0.969489
[rosout][INFO] 2017-03-30 15:29:52,412: /acrobot_control_node, u = -1.127319
[rosout][INFO] 2017-03-30 15:29:52,424: /acrobot_control_node, u = -1.127319
[rosout][INFO] 2017-03-30 15:29:52,436: /acrobot_control_node, u = -1.328359
[rosout][INFO] 2017-03-30 15:29:52,454: /acrobot_control_node, u = -1.607868
[rosout][INFO] 2017-03-30 15:29:52,462: /acrobot_control_node, u = -1.607868
[rosout][INFO] 2017-03-30 15:29:52,471: /acrobot_control_node, u = -1.607868
[rosout][INFO] 2017-03-30 15:29:52,486: /acrobot_control_node, u = -2.021981
[rosout][INFO] 2017-03-30 15:29:52,490: /acrobot_control_node, u = -2.021981
[rosout][INFO] 2017-03-30 15:29:52,506: /acrobot_control_node, u = -2.520595
[rosout][INFO] 2017-03-30 15:29:52,528: /acrobot_control_node, u = -3.259330
[rosout][INFO] 2017-03-30 15:29:52,530: /acrobot_control_node, u = -3.259330
[rosout][INFO] 2017-03-30 15:29:52,535: /acrobot_control_node, u = -4.281725
[rosout][INFO] 2017-03-30 15:29:52,543: /acrobot_control_node, u = -4.281725
[rosout][INFO] 2017-03-30 15:29:52,553: /acrobot_control_node, u = -4.281725
[rosout][INFO] 2017-03-30 15:29:52,568: /acrobot_control_node, u = -6.216826
[rosout][INFO] 2017-03-30 15:29:52,573: /acrobot_control_node, u = -6.216826
[rosout][INFO] 2017-03-30 15:29:52,582: /acrobot_control_node, u = -8.545392
[rosout][INFO] 2017-03-30 15:29:52,600: /acrobot_control_node, u = -12.895914
[rosout][INFO] 2017-03-30 15:29:52,606: /acrobot_control_node, u = -12.895914
[rosout][INFO] 2017-03-30 15:29:52,616: /acrobot_control_node, u = -12.895914
[rosout][INFO] 2017-03-30 15:29:52,626: /acrobot_control_node, u = -21.327189
[rosout][INFO] 2017-03-30 15:29:52,636: /acrobot_control_node, u = -21.327189
[rosout][INFO] 2017-03-30 15:29:52,645: /acrobot_control_node, u = -35.260919
[rosout][INFO] 2017-03-30 15:29:52,655: /acrobot_control_node, u = -35.260919
[rosout][INFO] 2017-03-30 15:29:52,667: /acrobot_control_node, u = -64.057380
[rosout][INFO] 2017-03-30 15:29:52,676: /acrobot_control_node, u = -64.057380
[rosout][INFO] 2017-03-30 15:29:52,686: /acrobot_control_node, u = -122.031279
[rosout][INFO] 2017-03-30 15:29:52,696: /acrobot_control_node, u = -273.330718
[rosout][INFO] 2017-03-30 15:29:52,706: /acrobot_control_node, u = -273.330718
[rosout][INFO] 2017-03-30 15:29:52,719: /acrobot_control_node, u = -913.251349
[rosout][INFO] 2017-03-30 15:29:52,726: /acrobot_control_node, u = -913.251349
[rosout][INFO] 2017-03-30 15:29:52,736: /acrobot_control_node, u = -913.251349
[rosout][INFO] 2017-03-30 15:29:52,748: /acrobot_control_node, u = 4207.045911
[rosout][INFO] 2017-03-30 15:29:52,756: /acrobot_control_node, u = 4207.045911
[rosout][INFO] 2017-03-30 15:29:52,772: /acrobot_control_node, u = 158.998925
[rosout][INFO] 2017-03-30 15:29:52,776: /acrobot_control_node, u = 158.998925
[rosout][INFO] 2017-03-30 15:29:52,788: /acrobot_control_node, u = -47395.409136
[rosout][INFO] 2017-03-30 15:29:52,798: /acrobot_control_node, u = -47395.409136
[rosout][INFO] 2017-03-30 15:29:52,809: /acrobot_control_node, u = -110667.356270
[rosout][INFO] 2017-03-30 15:29:52,824: /acrobot_control_node, u = -3727496.508236
[rosout][INFO] 2017-03-30 15:29:52,832: /acrobot_control_node, u = -3727496.508236
[rosout][INFO] 2017-03-30 15:29:52,844: /acrobot_control_node, u = inf
[rosout][INFO] 2017-03-30 15:29:52,851: /acrobot_control_node, u = inf
[rosout][INFO] 2017-03-30 15:29:52,863: /acrobot_control_node, u = inf
[rosout][INFO] 2017-03-30 15:29:52,872: /acrobot_control_node, u = nan
[rosout][INFO] 2017-03-30 15:29:52,881: /acrobot_control_node, u = nan
[rosout][INFO] 2017-03-30 15:29:52,893: /acrobot_control_node, u = nan
[rosout][INFO] 2017-03-30 15:29:52,902: /acrobot_control_node, u = nan
[rosout][INFO] 2017-03-30 15:29:52,913: /acrobot_control_node, u = nan
[rosout][INFO] 2017-03-30 15:29:52,923: /acrobot_control_node, u = nan
[rosout][INFO] 2017-03-30 15:29:52,936: /acrobot_control_node, u = nan
[rosout][INFO] 2017-03-30 15:29:52,947: /acrobot_control_node, u = nan
[rosout][INFO] 2017-03-30 15:29:52,959: /acrobot_control_node, u = nan
[rosout][INFO] 2017-03-30 15:29:52,970: /acrobot_control_node, u = nan
[rosout][INFO] 2017-03-30 15:29:52,981: /acrobot_control_node, u = nan
[rosout][INFO] 2017-03-30 15:29:52,990: /acrobot_control_node, u = nan
[rosout][INFO] 2017-03-30 15:29:53,005: /acrobot_control_node, u = nan
[rosout][INFO] 2017-03-30 15:29:53,017: /acrobot_control_node, u = nan
[rosout][INFO] 2017-03-30 15:29:53,024: /acrobot_control_node, u = nan
[rosout][INFO] 2017-03-30 15:29:53,037: /acrobot_control_node, u = nan
[rosout][INFO] 2017-03-30 15:29:53,045: /acrobot_control_node, u = nan
[rosout][INFO] 2017-03-30 15:29:53,058: /acrobot_control_node, u = nan
[rosout][INFO] 2017-03-30 15:29:53,070: /acrobot_control_node, u = nan
[rosout][INFO] 2017-03-30 15:29:53,079: /acrobot_control_node, u = nan
[rosout][INFO] 2017-03-30 15:29:53,089: /acrobot_control_node, u = nan
[rosout][INFO] 2017-03-30 15:29:53,102: /acrobot_control_node, u = nan
[rosout][INFO] 2017-03-30 15:29:53,109: /acrobot_control_node, u = nan
[rosout][INFO] 2017-03-30 15:29:53,121: /acrobot_control_node, u = nan
[rosout][INFO] 2017-03-30 15:29:53,127: /acrobot_control_node, u = nan
[rosout][INFO] 2017-03-30 15:29:53,137: /acrobot_control_node, u = nan
[rosout][INFO] 2017-03-30 15:29:53,147: /acrobot_control_node, u = nan
[rosout][INFO] 2017-03-30 15:29:53,157: /acrobot_control_node, u = nan
[rosout][INFO] 2017-03-30 15:29:53,169: /acrobot_control_node, u = nan
[rosout][INFO] 2017-03-30 15:29:53,178: /acrobot_control_node, u = nan
[rosout][INFO] 2017-03-30 15:29:53,188: /acrobot_control_node, u = nan
[rosout][INFO] 2017-03-30 15:29:53,199: /acrobot_control_node, u = nan
[rosout][INFO] 2017-03-30 15:29:53,215: /acrobot_control_node, u = nan
[rosout][INFO] 2017-03-30 15:29:53,221: /acrobot_control_node, u = nan
[rosout][INFO] 2017-03-30 15:29:53,231: /acrobot_control_node, u = nan
[rosout][INFO] 2017-03-30 15:29:53,246: /acrobot_control_node, u = nan
[rosout][INFO] 2017-03-30 15:29:53,253: /acrobot_control_node, u = nan
[rosout][INFO] 2017-03-30 15:29:53,264: /acrobot_control_node, u = nan
[rosout][INFO] 2017-03-30 15:29:53,275: /acrobot_control_node, u = nan
[rosout][INFO] 2017-03-30 15:29:53,287: /acrobot_control_node, u = nan
[rosout][INFO] 2017-03-30 15:29:53,297: /acrobot_control_node, u = nan
[rosout][INFO] 2017-03-30 15:29:53,308: /acrobot_control_node, u = nan
[rosout][INFO] 2017-03-30 15:29:53,316: /acrobot_control_node, u = nan
[rosout][INFO] 2017-03-30 15:29:53,327: /acrobot_control_node, u = nan
[rosout][INFO] 2017-03-30 15:29:53,336: /acrobot_control_node, u = nan
[rosout][INFO] 2017-03-30 15:29:53,350: /acrobot_control_node, u = nan
[rosout][INFO] 2017-03-30 15:29:53,361: /acrobot_control_node, u = nan
[rosout][INFO] 2017-03-30 15:29:53,369: /acrobot_control_node, u = nan
[rosout][INFO] 2017-03-30 15:29:53,380: /acrobot_control_node, u = nan
[rosout][INFO] 2017-03-30 15:29:53,390: /acrobot_control_node, u = nan
[rosout][INFO] 2017-03-30 15:29:53,400: /acrobot_control_node, u = nan
[rosout][INFO] 2017-03-30 15:29:53,410: /acrobot_control_node, u = nan
[rosout][INFO] 2017-03-30 15:29:53,420: /acrobot_control_node, u = nan
[rosout][INFO] 2017-03-30 15:29:53,430: /acrobot_control_node, u = nan
[rosout][INFO] 2017-03-30 15:29:53,445: /acrobot_control_node, u = nan
[rosout][INFO] 2017-03-30 15:29:53,457: /acrobot_control_node, u = nan
[rosout][INFO] 2017-03-30 15:29:53,467: /acrobot_control_node, u = nan
[rosout][INFO] 2017-03-30 15:29:53,478: /acrobot_control_node, u = nan
[rosout][INFO] 2017-03-30 15:29:53,492: /acrobot_control_node, u = nan
[rosout][INFO] 2017-03-30 15:29:53,500: /acrobot_control_node, u = nan
[rosout][INFO] 2017-03-30 15:29:53,509: /acrobot_control_node, u = nan
[rosout][INFO] 2017-03-30 15:29:53,519: /acrobot_control_node, u = nan
[rosout][INFO] 2017-03-30 15:29:53,532: /acrobot_control_node, u = nan
[rosout][INFO] 2017-03-30 15:29:53,543: /acrobot_control_node, u = nan
[rosout][INFO] 2017-03-30 15:29:53,560: /acrobot_control_node, u = nan
[rosout][INFO] 2017-03-30 15:29:53,568: /acrobot_control_node, u = nan
[rosout][INFO] 2017-03-30 15:29:53,578: /acrobot_control_node, u = nan
[rosout][INFO] 2017-03-30 15:29:53,588: /acrobot_control_node, u = nan
[rosout][INFO] 2017-03-30 15:29:53,601: /acrobot_control_node, u = nan
[rosout][INFO] 2017-03-30 15:29:53,611: /acrobot_control_node, u = nan
[rosout][INFO] 2017-03-30 15:29:53,623: /acrobot_control_node, u = nan
[rosout][INFO] 2017-03-30 15:29:53,637: /acrobot_control_node, u = nan
[rosout][INFO] 2017-03-30 15:29:53,646: /acrobot_control_node, u = nan
[rosout][INFO] 2017-03-30 15:29:53,658: /acrobot_control_node, u = nan
[rosout][INFO] 2017-03-30 15:29:53,670: /acrobot_control_node, u = nan
[rosout][INFO] 2017-03-30 15:29:53,677: /acrobot_control_node, u = nan
[rosout][INFO] 2017-03-30 15:29:53,688: /acrobot_control_node, u = nan
[rosout][INFO] 2017-03-30 15:29:53,697: /acrobot_control_node, u = nan
[rosout][INFO] 2017-03-30 15:29:53,709: /acrobot_control_node, u = nan
[rosout][INFO] 2017-03-30 15:29:53,719: /acrobot_control_node, u = nan
[rosout][INFO] 2017-03-30 15:29:53,734: /acrobot_control_node, u = nan
[rosout][INFO] 2017-03-30 15:29:53,739: /acrobot_control_node, u = nan
[rosout][INFO] 2017-03-30 15:29:53,751: /acrobot_control_node, u = nan
[rosout][INFO] 2017-03-30 15:29:53,760: /acrobot_control_node, u = nan
[rosout][INFO] 2017-03-30 15:29:53,771: /acrobot_control_node, u = nan
[rosout][INFO] 2017-03-30 15:29:53,780: /acrobot_control_node, u = nan
[rosout][INFO] 2017-03-30 15:29:53,791: /acrobot_control_node, u = nan
[rosout][INFO] 2017-03-30 15:29:53,801: /acrobot_control_node, u = nan
[rosout][INFO] 2017-03-30 15:29:53,812: /acrobot_control_node, u = nan
[rosout][INFO] 2017-03-30 15:29:53,824: /acrobot_control_node, u = nan
[rosout][INFO] 2017-03-30 15:29:53,834: /acrobot_control_node, u = nan
[rosout][INFO] 2017-03-30 15:29:53,845: /acrobot_control_node, u = nan
[rosout][INFO] 2017-03-30 15:29:53,855: /acrobot_control_node, u = nan
[rosout][INFO] 2017-03-30 15:29:53,866: /acrobot_control_node, u = nan
[rosout][INFO] 2017-03-30 15:29:53,876: /acrobot_control_node, u = nan
[rosout][INFO] 2017-03-30 15:29:53,888: /acrobot_control_node, u = nan
[rosout][INFO] 2017-03-30 15:29:53,899: /acrobot_control_node, u = nan
[rosout][INFO] 2017-03-30 15:29:53,909: /acrobot_control_node, u = nan
[rosout][INFO] 2017-03-30 15:29:53,926: /acrobot_control_node, u = nan
[rosout][INFO] 2017-03-30 15:29:53,935: /acrobot_control_node, u = nan
[rosout][INFO] 2017-03-30 15:29:53,946: /acrobot_control_node, u = nan
[rosout][INFO] 2017-03-30 15:29:53,958: /acrobot_control_node, u = nan
[rosout][INFO] 2017-03-30 15:29:53,968: /acrobot_control_node, u = nan
[rosout][INFO] 2017-03-30 15:29:53,981: /acrobot_control_node, u = nan
[rosout][INFO] 2017-03-30 15:29:53,993: /acrobot_control_node, u = nan
[rosout][INFO] 2017-03-30 15:29:54,008: /acrobot_control_node, u = nan
[rosout][INFO] 2017-03-30 15:29:54,021: /acrobot_control_node, u = nan
[rosout][INFO] 2017-03-30 15:29:54,031: /acrobot_control_node, u = nan
[rosout][INFO] 2017-03-30 15:29:54,043: /acrobot_control_node, u = nan
[rosout][INFO] 2017-03-30 15:29:54,059: /acrobot_control_node, u = nan
[rosout][INFO] 2017-03-30 15:29:54,068: /acrobot_control_node, u = nan
[rosout][INFO] 2017-03-30 15:29:54,078: /acrobot_control_node, u = nan
[rosout][INFO] 2017-03-30 15:29:54,087: /acrobot_control_node, u = nan
[rosout][INFO] 2017-03-30 15:29:54,101: /acrobot_control_node, u = nan
[rosout][INFO] 2017-03-30 15:29:54,117: /acrobot_control_node, u = nan
[rosout][INFO] 2017-03-30 15:29:54,139: /acrobot_control_node, u = nan
[rosout][INFO] 2017-03-30 15:29:54,149: /acrobot_control_node, u = nan
[rosout][INFO] 2017-03-30 15:29:54,161: /acrobot_control_node, u = nan
[rosout][INFO] 2017-03-30 15:29:54,176: /acrobot_control_node, u = nan
[rosout][INFO] 2017-03-30 15:29:54,185: /acrobot_control_node, u = nan
[rosout][INFO] 2017-03-30 15:29:54,192: /acrobot_control_node, u = nan
[rosout][INFO] 2017-03-30 15:29:54,202: /acrobot_control_node, u = nan
[rosout][INFO] 2017-03-30 15:29:54,213: /acrobot_control_node, u = nan
[rosout][INFO] 2017-03-30 15:29:54,225: /acrobot_control_node, u = nan
[rosout][INFO] 2017-03-30 15:29:54,237: /acrobot_control_node, u = nan
[rosout][INFO] 2017-03-30 15:29:54,245: /acrobot_control_node, u = nan
[rosout][INFO] 2017-03-30 15:29:54,255: /acrobot_control_node, u = nan
[rosout][INFO] 2017-03-30 15:29:54,268: /acrobot_control_node, u = nan
[rosout][INFO] 2017-03-30 15:29:54,274: /acrobot_control_node, u = nan
[rosout][INFO] 2017-03-30 15:29:54,286: /acrobot_control_node, u = nan
[rosout][INFO] 2017-03-30 15:29:54,293: /acrobot_control_node, u = nan
[rosout][INFO] 2017-03-30 15:29:54,304: /acrobot_control_node, u = nan
[rosout][INFO] 2017-03-30 15:29:54,313: /acrobot_control_node, u = nan
[rosout][INFO] 2017-03-30 15:29:54,323: /acrobot_control_node, u = nan
[rosout][INFO] 2017-03-30 15:29:54,336: /acrobot_control_node, u = nan
[rosout][INFO] 2017-03-30 15:29:54,345: /acrobot_control_node, u = nan
[rosout][INFO] 2017-03-30 15:29:54,356: /acrobot_control_node, u = nan
[rosout][INFO] 2017-03-30 15:29:54,365: /acrobot_control_node, u = nan
[rosout][INFO] 2017-03-30 15:29:54,379: /acrobot_control_node, u = nan
[rosout][INFO] 2017-03-30 15:29:54,388: /acrobot_control_node, u = nan
[rosout][INFO] 2017-03-30 15:29:54,399: /acrobot_control_node, u = nan
[rosout][INFO] 2017-03-30 15:29:54,412: /acrobot_control_node, u = nan
[rosout][INFO] 2017-03-30 15:29:54,424: /acrobot_control_node, u = nan
[rosout][INFO] 2017-03-30 15:29:54,434: /acrobot_control_node, u = nan
[rosout][INFO] 2017-03-30 15:29:54,444: /acrobot_control_node, u = nan
[rosout][INFO] 2017-03-30 15:29:54,455: /acrobot_control_node, u = nan
[rosout][INFO] 2017-03-30 15:29:54,465: /acrobot_control_node, u = nan
[rosout][INFO] 2017-03-30 15:29:54,477: /acrobot_control_node, u = nan
[rosout][INFO] 2017-03-30 15:29:54,485: /acrobot_control_node, u = nan
[rosout][INFO] 2017-03-30 15:29:54,494: /acrobot_control_node, u = nan
[rosout][INFO] 2017-03-30 15:29:54,505: /acrobot_control_node, u = nan
[rosout][INFO] 2017-03-30 15:29:54,517: /acrobot_control_node, u = nan
[rosout][INFO] 2017-03-30 15:29:54,525: /acrobot_control_node, u = nan
[rosout][INFO] 2017-03-30 15:29:54,536: /acrobot_control_node, u = nan
[rosout][INFO] 2017-03-30 15:29:54,546: /acrobot_control_node, u = nan
[rosout][INFO] 2017-03-30 15:29:54,558: /acrobot_control_node, u = nan
[rosout][INFO] 2017-03-30 15:29:54,568: /acrobot_control_node, u = nan
[rosout][INFO] 2017-03-30 15:29:54,577: /acrobot_control_node, u = nan
[rosout][INFO] 2017-03-30 15:29:54,588: /acrobot_control_node, u = nan
[rosout][INFO] 2017-03-30 15:29:54,599: /acrobot_control_node, u = nan
[rosout][INFO] 2017-03-30 15:29:54,609: /acrobot_control_node, u = nan
[rosout][INFO] 2017-03-30 15:29:54,620: /acrobot_control_node, u = nan
[rosout][INFO] 2017-03-30 15:29:54,633: /acrobot_control_node, u = nan
[rosout][INFO] 2017-03-30 15:29:54,644: /acrobot_control_node, u = nan
[rosout][INFO] 2017-03-30 15:29:54,654: /acrobot_control_node, u = nan
[rosout][INFO] 2017-03-30 15:29:54,665: /acrobot_control_node, u = nan
[rosout][INFO] 2017-03-30 15:29:54,673: /acrobot_control_node, u = nan
[rosout][INFO] 2017-03-30 15:29:54,684: /acrobot_control_node, u = nan
[rosout][INFO] 2017-03-30 15:29:54,693: /acrobot_control_node, u = nan
[rosout][INFO] 2017-03-30 15:29:54,704: /acrobot_control_node, u = nan
[rosout][INFO] 2017-03-30 15:29:54,718: /acrobot_control_node, u = nan
[rosout][INFO] 2017-03-30 15:29:54,727: /acrobot_control_node, u = nan
[rosout][INFO] 2017-03-30 15:29:54,740: /acrobot_control_node, u = nan
[rosout][INFO] 2017-03-30 15:29:54,751: /acrobot_control_node, u = nan
[rosout][INFO] 2017-03-30 15:29:54,761: /acrobot_control_node, u = nan
[rosout][INFO] 2017-03-30 15:29:54,775: /acrobot_control_node, u = nan
[rosout][INFO] 2017-03-30 15:29:54,785: /acrobot_control_node, u = nan
[rosout][INFO] 2017-03-30 15:29:54,796: /acrobot_control_node, u = nan
[rosout][INFO] 2017-03-30 15:29:54,807: /acrobot_control_node, u = nan
[rosout][INFO] 2017-03-30 15:29:54,816: /acrobot_control_node, u = nan
[rosout][INFO] 2017-03-30 15:29:54,829: /acrobot_control_node, u = nan
[rosout][INFO] 2017-03-30 15:29:54,840: /acrobot_control_node, u = nan
[rosout][INFO] 2017-03-30 15:29:54,850: /acrobot_control_node, u = nan
[rosout][INFO] 2017-03-30 15:29:54,861: /acrobot_control_node, u = nan
[rosout][INFO] 2017-03-30 15:29:54,874: /acrobot_control_node, u = nan
[rosout][INFO] 2017-03-30 15:29:54,885: /acrobot_control_node, u = nan
[rosout][INFO] 2017-03-30 15:29:54,895: /acrobot_control_node, u = nan
[rosout][INFO] 2017-03-30 15:29:54,905: /acrobot_control_node, u = nan
[rosout][INFO] 2017-03-30 15:29:54,916: /acrobot_control_node, u = nan
[rosout][INFO] 2017-03-30 15:29:54,929: /acrobot_control_node, u = nan
[rosout][INFO] 2017-03-30 15:29:54,939: /acrobot_control_node, u = nan
[rosout][INFO] 2017-03-30 15:29:54,949: /acrobot_control_node, u = nan
[rosout][INFO] 2017-03-30 15:29:54,960: /acrobot_control_node, u = nan
[rosout][INFO] 2017-03-30 15:29:54,972: /acrobot_control_node, u = nan
[rosout][INFO] 2017-03-30 15:29:54,985: /acrobot_control_node, u = nan
[rosout][INFO] 2017-03-30 15:29:54,998: /acrobot_control_node, u = nan
[rosout][INFO] 2017-03-30 15:29:55,008: /acrobot_control_node, u = nan
[rosout][INFO] 2017-03-30 15:29:55,019: /acrobot_control_node, u = nan
[rosout][INFO] 2017-03-30 15:29:55,030: /acrobot_control_node, u = nan
[rosout][INFO] 2017-03-30 15:29:55,041: /acrobot_control_node, u = nan
[rosout][INFO] 2017-03-30 15:29:55,052: /acrobot_control_node, u = nan
[rosout][INFO] 2017-03-30 15:29:55,064: /acrobot_control_node, u = nan
[rosout][INFO] 2017-03-30 15:29:55,072: /acrobot_control_node, u = nan
[rosout][INFO] 2017-03-30 15:29:55,083: /acrobot_control_node, u = nan
[rosout][INFO] 2017-03-30 15:29:55,102: /acrobot_control_node, u = nan
[rosout][INFO] 2017-03-30 15:29:55,110: /acrobot_control_node, u = nan
[rosout][INFO] 2017-03-30 15:29:55,121: /acrobot_control_node, u = nan
[rosout][INFO] 2017-03-30 15:29:55,135: /acrobot_control_node, u = nan
[rosout][INFO] 2017-03-30 15:29:55,144: /acrobot_control_node, u = nan
[rosout][INFO] 2017-03-30 15:29:55,157: /acrobot_control_node, u = nan
[rosout][INFO] 2017-03-30 15:29:55,168: /acrobot_control_node, u = nan
[rosout][INFO] 2017-03-30 15:29:55,174: /acrobot_control_node, u = nan
[rosout][INFO] 2017-03-30 15:29:55,191: /acrobot_control_node, u = nan
[rosout][INFO] 2017-03-30 15:29:55,203: /acrobot_control_node, u = nan
[rosout][INFO] 2017-03-30 15:29:55,214: /acrobot_control_node, u = nan
[rosout][INFO] 2017-03-30 15:29:55,227: /acrobot_control_node, u = nan
[rosout][INFO] 2017-03-30 15:29:55,233: /acrobot_control_node, u = nan
[rosout][INFO] 2017-03-30 15:29:55,243: /acrobot_control_node, u = nan
[rosout][INFO] 2017-03-30 15:29:55,253: /acrobot_control_node, u = nan
[rosout][INFO] 2017-03-30 15:29:55,263: /acrobot_control_node, u = nan
[rosout][INFO] 2017-03-30 15:29:55,281: /acrobot_control_node, u = nan
[rosout][INFO] 2017-03-30 15:29:55,290: /acrobot_control_node, u = nan
[rosout][INFO] 2017-03-30 15:29:55,301: /acrobot_control_node, u = nan
[rosout][INFO] 2017-03-30 15:29:55,310: /acrobot_control_node, u = nan
[rosout][INFO] 2017-03-30 15:29:55,326: /acrobot_control_node, u = nan
[rosout][INFO] 2017-03-30 15:29:55,337: /acrobot_control_node, u = nan
[rosout][INFO] 2017-03-30 15:29:55,352: /acrobot_control_node, u = nan
[rosout][INFO] 2017-03-30 15:29:55,361: /acrobot_control_node, u = nan
[rosout][INFO] 2017-03-30 15:29:55,375: /acrobot_control_node, u = nan
[rosout][INFO] 2017-03-30 15:29:55,386: /acrobot_control_node, u = nan
[rosout][INFO] 2017-03-30 15:29:55,402: /acrobot_control_node, u = nan
[rosout][INFO] 2017-03-30 15:29:55,410: /acrobot_control_node, u = nan
[rosout][INFO] 2017-03-30 15:29:55,420: /acrobot_control_node, u = nan
[rosout][INFO] 2017-03-30 15:29:55,430: /acrobot_control_node, u = nan
[rosout][INFO] 2017-03-30 15:29:55,444: /acrobot_control_node, u = nan
[rosout][INFO] 2017-03-30 15:29:55,454: /acrobot_control_node, u = nan
[rosout][INFO] 2017-03-30 15:29:55,465: /acrobot_control_node, u = nan
[rosout][INFO] 2017-03-30 15:29:55,476: /acrobot_control_node, u = nan
[rosout][INFO] 2017-03-30 15:29:55,490: /acrobot_control_node, u = nan
[rosout][INFO] 2017-03-30 15:29:55,501: /acrobot_control_node, u = nan
[rosout][INFO] 2017-03-30 15:29:55,512: /acrobot_control_node, u = nan
[rosout][INFO] 2017-03-30 15:29:55,522: /acrobot_control_node, u = nan
[rosout][INFO] 2017-03-30 15:29:55,534: /acrobot_control_node, u = nan
[rosout][INFO] 2017-03-30 15:29:55,548: /acrobot_control_node, u = nan
[rosout][INFO] 2017-03-30 15:29:55,559: /acrobot_control_node, u = nan
[rosout][INFO] 2017-03-30 15:29:55,569: /acrobot_control_node, u = nan
[rosout][INFO] 2017-03-30 15:29:55,582: /acrobot_control_node, u = nan
[rosout][INFO] 2017-03-30 15:29:55,591: /acrobot_control_node, u = nan
[rosout][INFO] 2017-03-30 15:29:55,604: /acrobot_control_node, u = nan
[rosout][INFO] 2017-03-30 15:29:55,617: /acrobot_control_node, u = nan
[rosout][INFO] 2017-03-30 15:29:55,626: /acrobot_control_node, u = nan
[rosout][INFO] 2017-03-30 15:29:55,639: /acrobot_control_node, u = nan
[rosout][INFO] 2017-03-30 15:29:55,652: /acrobot_control_node, u = nan
[rosout][INFO] 2017-03-30 15:29:55,662: /acrobot_control_node, u = nan
[rosout][INFO] 2017-03-30 15:29:55,674: /acrobot_control_node, u = nan
[rosout][INFO] 2017-03-30 15:29:55,686: /acrobot_control_node, u = nan
[rosout][INFO] 2017-03-30 15:29:55,696: /acrobot_control_node, u = nan
[rosout][INFO] 2017-03-30 15:29:55,705: /acrobot_control_node, u = nan
[rosout][INFO] 2017-03-30 15:29:55,715: /acrobot_control_node, u = nan
[rosout][INFO] 2017-03-30 15:29:55,728: /acrobot_control_node, u = nan
[rosout][INFO] 2017-03-30 15:29:55,741: /acrobot_control_node, u = nan
[rosout][INFO] 2017-03-30 15:29:55,752: /acrobot_control_node, u = nan
[rosout][INFO] 2017-03-30 15:29:55,765: /acrobot_control_node, u = nan
[rosout][INFO] 2017-03-30 15:29:55,774: /acrobot_control_node, u = nan
[rosout][INFO] 2017-03-30 15:29:55,785: /acrobot_control_node, u = nan
[rosout][INFO] 2017-03-30 15:29:55,794: /acrobot_control_node, u = nan
[rosout][INFO] 2017-03-30 15:29:55,803: /acrobot_control_node, u = nan
[rosout][INFO] 2017-03-30 15:29:55,816: /acrobot_control_node, u = nan
[rosout][INFO] 2017-03-30 15:29:55,826: /acrobot_control_node, u = nan
[rosout][INFO] 2017-03-30 15:29:55,837: /acrobot_control_node, u = nan
[rosout][INFO] 2017-03-30 15:29:55,847: /acrobot_control_node, u = nan
[rosout][INFO] 2017-03-30 15:29:55,860: /acrobot_control_node, u = nan
[rosout][INFO] 2017-03-30 15:29:55,872: /acrobot_control_node, u = nan
[rosout][INFO] 2017-03-30 15:29:55,882: /acrobot_control_node, u = nan
[rosout][INFO] 2017-03-30 15:29:55,893: /acrobot_control_node, u = nan
[rosout][INFO] 2017-03-30 15:29:55,907: /acrobot_control_node, u = nan
[rosout][INFO] 2017-03-30 15:29:55,915: /acrobot_control_node, u = nan
[rosout][INFO] 2017-03-30 15:29:55,927: /acrobot_control_node, u = nan
[rosout][INFO] 2017-03-30 15:29:55,939: /acrobot_control_node, u = nan
[rosout][INFO] 2017-03-30 15:29:55,950: /acrobot_control_node, u = nan
[rosout][INFO] 2017-03-30 15:29:55,964: /acrobot_control_node, u = nan
[rosout][INFO] 2017-03-30 15:29:55,971: /acrobot_control_node, u = nan
[rosout][INFO] 2017-03-30 15:29:55,982: /acrobot_control_node, u = nan
[rosout][INFO] 2017-03-30 15:29:55,994: /acrobot_control_node, u = nan
[rosout][INFO] 2017-03-30 15:29:56,004: /acrobot_control_node, u = nan
[rosout][INFO] 2017-03-30 15:29:56,016: /acrobot_control_node, u = nan
[rosout][INFO] 2017-03-30 15:29:56,025: /acrobot_control_node, u = nan
[rosout][INFO] 2017-03-30 15:29:56,037: /acrobot_control_node, u = nan
[rosout][INFO] 2017-03-30 15:29:56,047: /acrobot_control_node, u = nan
[rosout][INFO] 2017-03-30 15:29:56,057: /acrobot_control_node, u = nan
[rosout][INFO] 2017-03-30 15:29:56,071: /acrobot_control_node, u = nan
[rosout][INFO] 2017-03-30 15:29:56,081: /acrobot_control_node, u = nan
[rosout][INFO] 2017-03-30 15:29:56,090: /acrobot_control_node, u = nan
[rosout][INFO] 2017-03-30 15:29:56,103: /acrobot_control_node, u = nan
[rosout][INFO] 2017-03-30 15:29:56,116: /acrobot_control_node, u = nan
[rosout][INFO] 2017-03-30 15:29:56,124: /acrobot_control_node, u = nan
[rosout][INFO] 2017-03-30 15:29:56,135: /acrobot_control_node, u = nan
[rosout][INFO] 2017-03-30 15:29:56,145: /acrobot_control_node, u = nan
[rosout][INFO] 2017-03-30 15:29:56,155: /acrobot_control_node, u = nan
[rosout][INFO] 2017-03-30 15:29:56,168: /acrobot_control_node, u = nan
[rosout][INFO] 2017-03-30 15:29:56,178: /acrobot_control_node, u = nan
[rosout][INFO] 2017-03-30 15:29:56,189: /acrobot_control_node, u = nan
[rosout][INFO] 2017-03-30 15:29:56,202: /acrobot_control_node, u = nan
[rosout][INFO] 2017-03-30 15:29:56,210: /acrobot_control_node, u = nan
[rosout][INFO] 2017-03-30 15:29:56,221: /acrobot_control_node, u = nan
[rosout][INFO] 2017-03-30 15:29:56,230: /acrobot_control_node, u = nan
[rosout][INFO] 2017-03-30 15:29:56,242: /acrobot_control_node, u = nan
[rosout][INFO] 2017-03-30 15:29:56,253: /acrobot_control_node, u = nan
[rosout][INFO] 2017-03-30 15:29:56,262: /acrobot_control_node, u = nan
[rosout][INFO] 2017-03-30 15:29:56,274: /acrobot_control_node, u = nan
[rosout][INFO] 2017-03-30 15:29:56,283: /acrobot_control_node, u = nan
[rosout][INFO] 2017-03-30 15:29:56,294: /acrobot_control_node, u = nan
[rosout][INFO] 2017-03-30 15:29:56,306: /acrobot_control_node, u = nan
[rosout][INFO] 2017-03-30 15:29:56,317: /acrobot_control_node, u = nan
[rosout][INFO] 2017-03-30 15:29:56,326: /acrobot_control_node, u = nan
[rosout][INFO] 2017-03-30 15:29:56,337: /acrobot_control_node, u = nan
[rosout][INFO] 2017-03-30 15:29:56,350: /acrobot_control_node, u = nan
[rosout][INFO] 2017-03-30 15:29:56,360: /acrobot_control_node, u = nan
[rosout][INFO] 2017-03-30 15:29:56,370: /acrobot_control_node, u = nan
[rosout][INFO] 2017-03-30 15:29:56,383: /acrobot_control_node, u = nan
[rosout][INFO] 2017-03-30 15:29:56,391: /acrobot_control_node, u = nan
[rosout][INFO] 2017-03-30 15:29:56,402: /acrobot_control_node, u = nan
[rosout][INFO] 2017-03-30 15:29:56,414: /acrobot_control_node, u = nan
[rosout][INFO] 2017-03-30 15:29:56,423: /acrobot_control_node, u = nan
[rosout][INFO] 2017-03-30 15:29:56,433: /acrobot_control_node, u = nan
[rosout][INFO] 2017-03-30 15:29:56,442: /acrobot_control_node, u = nan
[rosout][INFO] 2017-03-30 15:29:56,453: /acrobot_control_node, u = nan
[rosout][INFO] 2017-03-30 15:29:56,465: /acrobot_control_node, u = nan
[rosout][INFO] 2017-03-30 15:29:56,474: /acrobot_control_node, u = nan
[rosout][INFO] 2017-03-30 15:29:56,486: /acrobot_control_node, u = nan
[rosout][INFO] 2017-03-30 15:29:56,497: /acrobot_control_node, u = nan
[rosout][INFO] 2017-03-30 15:29:56,506: /acrobot_control_node, u = nan
[rosout][INFO] 2017-03-30 15:29:56,520: /acrobot_control_node, u = nan
[rosout][INFO] 2017-03-30 15:29:56,529: /acrobot_control_node, u = nan
[rosout][INFO] 2017-03-30 15:29:56,539: /acrobot_control_node, u = nan
[rosout][INFO] 2017-03-30 15:29:56,550: /acrobot_control_node, u = nan
[rosout][INFO] 2017-03-30 15:29:56,565: /acrobot_control_node, u = nan
[rosout][INFO] 2017-03-30 15:29:56,574: /acrobot_control_node, u = nan
[rosout][INFO] 2017-03-30 15:29:56,585: /acrobot_control_node, u = nan
[rosout][INFO] 2017-03-30 15:29:56,598: /acrobot_control_node, u = nan
[rosout][INFO] 2017-03-30 15:29:56,606: /acrobot_control_node, u = nan
[rosout][INFO] 2017-03-30 15:29:56,617: /acrobot_control_node, u = nan
[rosout][INFO] 2017-03-30 15:29:56,627: /acrobot_control_node, u = nan
[rosout][INFO] 2017-03-30 15:29:56,638: /acrobot_control_node, u = nan
[rosout][INFO] 2017-03-30 15:29:56,647: /acrobot_control_node, u = nan
[rosout][INFO] 2017-03-30 15:29:56,660: /acrobot_control_node, u = nan
[rosout][INFO] 2017-03-30 15:29:56,670: /acrobot_control_node, u = nan
[rosout][INFO] 2017-03-30 15:29:56,679: /acrobot_control_node, u = nan
[rosout][INFO] 2017-03-30 15:29:56,692: /acrobot_control_node, u = nan
[rosout][INFO] 2017-03-30 15:29:56,702: /acrobot_control_node, u = nan
[rosout][INFO] 2017-03-30 15:29:56,711: /acrobot_control_node, u = nan
[rosout][INFO] 2017-03-30 15:29:56,724: /acrobot_control_node, u = nan
[rosout][INFO] 2017-03-30 15:29:56,736: /acrobot_control_node, u = nan
[rosout][INFO] 2017-03-30 15:29:56,745: /acrobot_control_node, u = nan
[rosout][INFO] 2017-03-30 15:29:56,756: /acrobot_control_node, u = nan
[rosout][INFO] 2017-03-30 15:29:56,769: /acrobot_control_node, u = nan
[rosout][INFO] 2017-03-30 15:29:56,781: /acrobot_control_node, u = nan
[rosout][INFO] 2017-03-30 15:29:56,792: /acrobot_control_node, u = nan
[rosout][INFO] 2017-03-30 15:29:56,806: /acrobot_control_node, u = nan
[rosout][INFO] 2017-03-30 15:29:56,815: /acrobot_control_node, u = nan
[rosout][INFO] 2017-03-30 15:29:56,826: /acrobot_control_node, u = nan
[rosout][INFO] 2017-03-30 15:29:56,839: /acrobot_control_node, u = nan
[rosout][INFO] 2017-03-30 15:29:56,851: /acrobot_control_node, u = nan
[rosout][INFO] 2017-03-30 15:29:56,861: /acrobot_control_node, u = nan
[rosout][INFO] 2017-03-30 15:29:56,876: /acrobot_control_node, u = nan
[rosout][INFO] 2017-03-30 15:29:56,884: /acrobot_control_node, u = nan
[rosout][INFO] 2017-03-30 15:29:56,895: /acrobot_control_node, u = nan
[rosout][INFO] 2017-03-30 15:29:56,907: /acrobot_control_node, u = nan
[rosout][INFO] 2017-03-30 15:29:56,916: /acrobot_control_node, u = nan
[rosout][INFO] 2017-03-30 15:29:56,926: /acrobot_control_node, u = nan
[rosout][INFO] 2017-03-30 15:29:56,939: /acrobot_control_node, u = nan
[rosout][INFO] 2017-03-30 15:29:56,950: /acrobot_control_node, u = nan
[rosout][INFO] 2017-03-30 15:29:56,962: /acrobot_control_node, u = nan
[rosout][INFO] 2017-03-30 15:29:56,973: /acrobot_control_node, u = nan
[rosout][INFO] 2017-03-30 15:29:56,982: /acrobot_control_node, u = nan
[rosout][INFO] 2017-03-30 15:29:56,992: /acrobot_control_node, u = nan
[rosout][INFO] 2017-03-30 15:29:57,003: /acrobot_control_node, u = nan
[rosout][INFO] 2017-03-30 15:29:57,016: /acrobot_control_node, u = nan
[rosout][INFO] 2017-03-30 15:29:57,024: /acrobot_control_node, u = nan
[rosout][INFO] 2017-03-30 15:29:57,035: /acrobot_control_node, u = nan
[rosout][INFO] 2017-03-30 15:29:57,049: /acrobot_control_node, u = nan
[rosout][INFO] 2017-03-30 15:29:57,056: /acrobot_control_node, u = nan
[rosout][INFO] 2017-03-30 15:29:57,066: /acrobot_control_node, u = nan
[rosout][INFO] 2017-03-30 15:29:57,078: /acrobot_control_node, u = nan
[rosout][INFO] 2017-03-30 15:29:57,090: /acrobot_control_node, u = nan
[rosout][INFO] 2017-03-30 15:29:57,101: /acrobot_control_node, u = nan
[rosout][INFO] 2017-03-30 15:29:57,113: /acrobot_control_node, u = nan
[rosout][INFO] 2017-03-30 15:29:57,124: /acrobot_control_node, u = nan
[rosout][INFO] 2017-03-30 15:29:57,135: /acrobot_control_node, u = nan
[rosout][INFO] 2017-03-30 15:29:57,145: /acrobot_control_node, u = nan
[rosout][INFO] 2017-03-30 15:29:57,156: /acrobot_control_node, u = nan
[rosout][INFO] 2017-03-30 15:29:57,166: /acrobot_control_node, u = nan
[rosout][INFO] 2017-03-30 15:29:57,178: /acrobot_control_node, u = nan
[rosout][INFO] 2017-03-30 15:29:57,190: /acrobot_control_node, u = nan
[rosout][INFO] 2017-03-30 15:29:57,199: /acrobot_control_node, u = nan
[rosout][INFO] 2017-03-30 15:29:57,209: /acrobot_control_node, u = nan
[rosout][INFO] 2017-03-30 15:29:57,220: /acrobot_control_node, u = nan
[rosout][INFO] 2017-03-30 15:29:57,232: /acrobot_control_node, u = nan
[rosout][INFO] 2017-03-30 15:29:57,241: /acrobot_control_node, u = nan
[rosout][INFO] 2017-03-30 15:29:57,254: /acrobot_control_node, u = nan
[rosout][INFO] 2017-03-30 15:29:57,266: /acrobot_control_node, u = nan
[rosout][INFO] 2017-03-30 15:29:57,275: /acrobot_control_node, u = nan
[rosout][INFO] 2017-03-30 15:29:57,288: /acrobot_control_node, u = nan
[rosout][INFO] 2017-03-30 15:29:57,298: /acrobot_control_node, u = nan
[rosout][INFO] 2017-03-30 15:29:57,309: /acrobot_control_node, u = nan
[rosout][INFO] 2017-03-30 15:29:57,324: /acrobot_control_node, u = nan
[rosout][INFO] 2017-03-30 15:29:57,332: /acrobot_control_node, u = nan
[rosout][INFO] 2017-03-30 15:29:57,346: /acrobot_control_node, u = nan
[rosout][INFO] 2017-03-30 15:29:57,358: /acrobot_control_node, u = nan
[rosout][INFO] 2017-03-30 15:29:57,369: /acrobot_control_node, u = nan
[rosout][INFO] 2017-03-30 15:29:57,379: /acrobot_control_node, u = nan
[rosout][INFO] 2017-03-30 15:29:57,392: /acrobot_control_node, u = nan
[rosout][INFO] 2017-03-30 15:29:57,401: /acrobot_control_node, u = nan
[rosout][INFO] 2017-03-30 15:29:57,413: /acrobot_control_node, u = nan
[rosout][INFO] 2017-03-30 15:29:57,423: /acrobot_control_node, u = nan
[rosout][INFO] 2017-03-30 15:29:57,438: /acrobot_control_node, u = nan
[rosout][INFO] 2017-03-30 15:29:57,448: /acrobot_control_node, u = nan
[rosout][INFO] 2017-03-30 15:29:57,459: /acrobot_control_node, u = nan
[rosout][INFO] 2017-03-30 15:29:57,472: /acrobot_control_node, u = nan
[rosout][INFO] 2017-03-30 15:29:57,483: /acrobot_control_node, u = nan
[rosout][INFO] 2017-03-30 15:29:57,495: /acrobot_control_node, u = nan
[rosout][INFO] 2017-03-30 15:29:57,506: /acrobot_control_node, u = nan
[rosout][INFO] 2017-03-30 15:29:57,519: /acrobot_control_node, u = nan
[rosout][INFO] 2017-03-30 15:29:57,529: /acrobot_control_node, u = nan
[rosout][INFO] 2017-03-30 15:29:57,540: /acrobot_control_node, u = nan
[rosout][INFO] 2017-03-30 15:29:57,550: /acrobot_control_node, u = nan
[rosout][INFO] 2017-03-30 15:29:57,565: /acrobot_control_node, u = nan
[rosout][INFO] 2017-03-30 15:29:57,575: /acrobot_control_node, u = nan
[rosout][INFO] 2017-03-30 15:29:57,586: /acrobot_control_node, u = nan
[rosout][INFO] 2017-03-30 15:29:57,599: /acrobot_control_node, u = nan
[rosout][INFO] 2017-03-30 15:29:57,609: /acrobot_control_node, u = nan
[rosout][INFO] 2017-03-30 15:29:57,619: /acrobot_control_node, u = nan
[rosout][INFO] 2017-03-30 15:29:57,632: /acrobot_control_node, u = nan
[rosout][INFO] 2017-03-30 15:29:57,641: /acrobot_control_node, u = nan
[rosout][INFO] 2017-03-30 15:29:57,651: /acrobot_control_node, u = nan
[rosout][INFO] 2017-03-30 15:29:57,664: /acrobot_control_node, u = nan
[rosout][INFO] 2017-03-30 15:29:57,673: /acrobot_control_node, u = nan
[rosout][INFO] 2017-03-30 15:29:57,684: /acrobot_control_node, u = nan
[rosout][INFO] 2017-03-30 15:29:57,694: /acrobot_control_node, u = nan
[rosout][INFO] 2017-03-30 15:29:57,707: /acrobot_control_node, u = nan
[rosout][INFO] 2017-03-30 15:29:57,717: /acrobot_control_node, u = nan
[rosout][INFO] 2017-03-30 15:29:57,729: /acrobot_control_node, u = nan
[rosout][INFO] 2017-03-30 15:29:57,739: /acrobot_control_node, u = nan
[rosout][INFO] 2017-03-30 15:29:57,749: /acrobot_control_node, u = nan
[rosout][INFO] 2017-03-30 15:29:57,764: /acrobot_control_node, u = nan
[rosout][INFO] 2017-03-30 15:29:57,772: /acrobot_control_node, u = nan
[rosout][INFO] 2017-03-30 15:29:57,783: /acrobot_control_node, u = nan
[rosout][INFO] 2017-03-30 15:29:57,793: /acrobot_control_node, u = nan
[rosout][INFO] 2017-03-30 15:29:57,803: /acrobot_control_node, u = nan
[rosout][INFO] 2017-03-30 15:29:57,814: /acrobot_control_node, u = nan
[rosout][INFO] 2017-03-30 15:29:57,825: /acrobot_control_node, u = nan
[rosout][INFO] 2017-03-30 15:29:57,838: /acrobot_control_node, u = nan
[rosout][INFO] 2017-03-30 15:29:57,849: /acrobot_control_node, u = nan
[rosout][INFO] 2017-03-30 15:29:57,858: /acrobot_control_node, u = nan
[rosout][INFO] 2017-03-30 15:29:57,871: /acrobot_control_node, u = nan
[rosout][INFO] 2017-03-30 15:29:57,881: /acrobot_control_node, u = nan
[rosout][INFO] 2017-03-30 15:29:57,891: /acrobot_control_node, u = nan
[rosout][INFO] 2017-03-30 15:29:57,901: /acrobot_control_node, u = nan
[rosout][INFO] 2017-03-30 15:29:57,911: /acrobot_control_node, u = nan
[rosout][INFO] 2017-03-30 15:29:57,921: /acrobot_control_node, u = nan
[rosout][INFO] 2017-03-30 15:29:57,931: /acrobot_control_node, u = nan
[rosout][INFO] 2017-03-30 15:29:57,940: /acrobot_control_node, u = nan
[rosout][INFO] 2017-03-30 15:29:57,949: /acrobot_control_node, u = nan
[rosout][INFO] 2017-03-30 15:29:57,960: /acrobot_control_node, u = nan
[rosout][INFO] 2017-03-30 15:29:57,971: /acrobot_control_node, u = nan
[rosout][INFO] 2017-03-30 15:29:57,983: /acrobot_control_node, u = nan
[rosout][INFO] 2017-03-30 15:29:57,991: /acrobot_control_node, u = nan
[rosout][INFO] 2017-03-30 15:29:58,000: /acrobot_control_node, u = nan
[rosout][INFO] 2017-03-30 15:29:58,013: /acrobot_control_node, u = nan
[rosout][INFO] 2017-03-30 15:29:58,022: /acrobot_control_node, u = nan
[rosout][INFO] 2017-03-30 15:29:58,032: /acrobot_control_node, u = nan
[rosout][INFO] 2017-03-30 15:29:58,044: /acrobot_control_node, u = nan
[rosout][INFO] 2017-03-30 15:29:58,054: /acrobot_control_node, u = nan
[rosout][INFO] 2017-03-30 15:29:58,063: /acrobot_control_node, u = nan
[rosout][INFO] 2017-03-30 15:29:58,076: /acrobot_control_node, u = nan
[rosout][INFO] 2017-03-30 15:29:58,086: /acrobot_control_node, u = nan
[rosout][INFO] 2017-03-30 15:29:58,095: /acrobot_control_node, u = nan
[rosout][INFO] 2017-03-30 15:29:58,107: /acrobot_control_node, u = nan
[rosout][INFO] 2017-03-30 15:29:58,119: /acrobot_control_node, u = nan
[rosout][INFO] 2017-03-30 15:29:58,130: /acrobot_control_node, u = nan
[rosout][INFO] 2017-03-30 15:29:58,142: /acrobot_control_node, u = nan
[rosout][INFO] 2017-03-30 15:29:58,153: /acrobot_control_node, u = nan
[rosout][INFO] 2017-03-30 15:29:58,164: /acrobot_control_node, u = nan
[rosout][INFO] 2017-03-30 15:29:58,175: /acrobot_control_node, u = nan
[rosout][INFO] 2017-03-30 15:29:58,188: /acrobot_control_node, u = nan
[rosout][INFO] 2017-03-30 15:29:58,197: /acrobot_control_node, u = nan
[rosout][INFO] 2017-03-30 15:29:58,209: /acrobot_control_node, u = nan
[rosout][INFO] 2017-03-30 15:29:58,221: /acrobot_control_node, u = nan
[rosout][INFO] 2017-03-30 15:29:58,232: /acrobot_control_node, u = nan
[rosout][INFO] 2017-03-30 15:29:58,243: /acrobot_control_node, u = nan
[rosout][INFO] 2017-03-30 15:29:58,256: /acrobot_control_node, u = nan
[rosout][INFO] 2017-03-30 15:29:58,268: /acrobot_control_node, u = nan
[rosout][INFO] 2017-03-30 15:29:58,278: /acrobot_control_node, u = nan
[rosout][INFO] 2017-03-30 15:29:58,290: /acrobot_control_node, u = nan
[rosout][INFO] 2017-03-30 15:29:58,300: /acrobot_control_node, u = nan
[rosout][INFO] 2017-03-30 15:29:58,309: /acrobot_control_node, u = nan
[rosout][INFO] 2017-03-30 15:29:58,322: /acrobot_control_node, u = nan
[rosout][INFO] 2017-03-30 15:29:58,333: /acrobot_control_node, u = nan
[rosout][INFO] 2017-03-30 15:29:58,343: /acrobot_control_node, u = nan
[rosout][INFO] 2017-03-30 15:29:58,356: /acrobot_control_node, u = nan
[rosout][INFO] 2017-03-30 15:29:58,369: /acrobot_control_node, u = nan
[rosout][INFO] 2017-03-30 15:29:58,379: /acrobot_control_node, u = nan
[rosout][INFO] 2017-03-30 15:29:58,391: /acrobot_control_node, u = nan
[rosout][INFO] 2017-03-30 15:29:58,402: /acrobot_control_node, u = nan
[rosout][INFO] 2017-03-30 15:29:58,412: /acrobot_control_node, u = nan
[rosout][INFO] 2017-03-30 15:29:58,424: /acrobot_control_node, u = nan
[rosout][INFO] 2017-03-30 15:29:58,432: /acrobot_control_node, u = nan
[rosout][INFO] 2017-03-30 15:29:58,442: /acrobot_control_node, u = nan
[rosout][INFO] 2017-03-30 15:29:58,452: /acrobot_control_node, u = nan
[rosout][INFO] 2017-03-30 15:29:58,466: /acrobot_control_node, u = nan
[rosout][INFO] 2017-03-30 15:29:58,475: /acrobot_control_node, u = nan
[rosout][INFO] 2017-03-30 15:29:58,485: /acrobot_control_node, u = nan
[rosout][INFO] 2017-03-30 15:29:58,495: /acrobot_control_node, u = nan
[rosout][INFO] 2017-03-30 15:29:58,506: /acrobot_control_node, u = nan
[rosout][INFO] 2017-03-30 15:29:58,516: /acrobot_control_node, u = nan
[rosout][INFO] 2017-03-30 15:29:58,526: /acrobot_control_node, u = nan
[rosout][INFO] 2017-03-30 15:29:58,540: /acrobot_control_node, u = nan
[rosout][INFO] 2017-03-30 15:29:58,549: /acrobot_control_node, u = nan
[rosout][INFO] 2017-03-30 15:29:58,564: /acrobot_control_node, u = nan
[rosout][INFO] 2017-03-30 15:29:58,569: /acrobot_control_node, u = nan
[rosout][INFO] 2017-03-30 15:29:58,580: /acrobot_control_node, u = nan
[rosout][INFO] 2017-03-30 15:29:58,590: /acrobot_control_node, u = nan
[rosout][INFO] 2017-03-30 15:29:58,603: /acrobot_control_node, u = nan
[rosout][INFO] 2017-03-30 15:29:58,614: /acrobot_control_node, u = nan
[rosout][INFO] 2017-03-30 15:29:58,626: /acrobot_control_node, u = nan
[rosout][INFO] 2017-03-30 15:29:58,640: /acrobot_control_node, u = nan
[rosout][INFO] 2017-03-30 15:29:58,649: /acrobot_control_node, u = nan
[rosout][INFO] 2017-03-30 15:29:58,663: /acrobot_control_node, u = nan
[rosout][INFO] 2017-03-30 15:29:58,676: /acrobot_control_node, u = nan
[rosout][INFO] 2017-03-30 15:29:58,685: /acrobot_control_node, u = nan
[rosout][INFO] 2017-03-30 15:29:58,695: /acrobot_control_node, u = nan
[rosout][INFO] 2017-03-30 15:29:58,710: /acrobot_control_node, u = nan
[rosout][INFO] 2017-03-30 15:29:58,718: /acrobot_control_node, u = nan
[rosout][INFO] 2017-03-30 15:29:58,729: /acrobot_control_node, u = nan
[rosout][INFO] 2017-03-30 15:29:58,739: /acrobot_control_node, u = nan
[rosout][INFO] 2017-03-30 15:29:58,753: /acrobot_control_node, u = nan
[rosout][INFO] 2017-03-30 15:29:58,761: /acrobot_control_node, u = nan
[rosout][INFO] 2017-03-30 15:29:58,775: /acrobot_control_node, u = nan
[rosout][INFO] 2017-03-30 15:29:58,783: /acrobot_control_node, u = nan
[rosout][INFO] 2017-03-30 15:29:58,793: /acrobot_control_node, u = nan
[rosout][INFO] 2017-03-30 15:29:58,804: /acrobot_control_node, u = nan
[rosout][INFO] 2017-03-30 15:29:58,815: /acrobot_control_node, u = nan
[rosout][INFO] 2017-03-30 15:29:58,825: /acrobot_control_node, u = nan
[rosout][INFO] 2017-03-30 15:29:58,835: /acrobot_control_node, u = nan
[rosout][INFO] 2017-03-30 15:29:58,848: /acrobot_control_node, u = nan
[rosout][INFO] 2017-03-30 15:29:58,858: /acrobot_control_node, u = nan
[rosout][INFO] 2017-03-30 15:29:58,868: /acrobot_control_node, u = nan
[rosout][INFO] 2017-03-30 15:29:58,879: /acrobot_control_node, u = nan
[rosout][INFO] 2017-03-30 15:29:58,892: /acrobot_control_node, u = nan
[rosout][INFO] 2017-03-30 15:29:58,902: /acrobot_control_node, u = nan
[rosout][INFO] 2017-03-30 15:29:58,916: /acrobot_control_node, u = nan
[rosout][INFO] 2017-03-30 15:29:58,923: /acrobot_control_node, u = nan
[rosout][INFO] 2017-03-30 15:29:58,933: /acrobot_control_node, u = nan
[rosout][INFO] 2017-03-30 15:29:58,945: /acrobot_control_node, u = nan
[rosout][INFO] 2017-03-30 15:29:58,954: /acrobot_control_node, u = nan
[rosout][INFO] 2017-03-30 15:29:58,963: /acrobot_control_node, u = nan
[rosout][INFO] 2017-03-30 15:29:58,975: /acrobot_control_node, u = nan
[rosout][INFO] 2017-03-30 15:29:58,989: /acrobot_control_node, u = nan
[rosout][INFO] 2017-03-30 15:29:58,995: /acrobot_control_node, u = nan
[rosout][INFO] 2017-03-30 15:29:59,006: /acrobot_control_node, u = nan
[rosout][INFO] 2017-03-30 15:29:59,015: /acrobot_control_node, u = nan
[rosout][INFO] 2017-03-30 15:29:59,029: /acrobot_control_node, u = nan
[rosout][INFO] 2017-03-30 15:29:59,041: /acrobot_control_node, u = nan
[rosout][INFO] 2017-03-30 15:29:59,049: /acrobot_control_node, u = nan
[rosout][INFO] 2017-03-30 15:29:59,061: /acrobot_control_node, u = nan
[rosout][INFO] 2017-03-30 15:29:59,072: /acrobot_control_node, u = nan
[rosout][INFO] 2017-03-30 15:29:59,082: /acrobot_control_node, u = nan
[rosout][INFO] 2017-03-30 15:29:59,093: /acrobot_control_node, u = nan
[rosout][INFO] 2017-03-30 15:29:59,104: /acrobot_control_node, u = nan
[rosout][INFO] 2017-03-30 15:29:59,112: /acrobot_control_node, u = nan
[rosout][INFO] 2017-03-30 15:29:59,124: /acrobot_control_node, u = nan
[rosout][INFO] 2017-03-30 15:29:59,136: /acrobot_control_node, u = nan
[rosout][INFO] 2017-03-30 15:29:59,149: /acrobot_control_node, u = nan
[rosout][INFO] 2017-03-30 15:29:59,158: /acrobot_control_node, u = nan
[rosout][INFO] 2017-03-30 15:29:59,167: /acrobot_control_node, u = nan
[rosout][INFO] 2017-03-30 15:29:59,178: /acrobot_control_node, u = nan
[rosout][INFO] 2017-03-30 15:29:59,187: /acrobot_control_node, u = nan
[rosout][INFO] 2017-03-30 15:29:59,200: /acrobot_control_node, u = nan
[rosout][INFO] 2017-03-30 15:29:59,211: /acrobot_control_node, u = nan
[rosout][INFO] 2017-03-30 15:29:59,221: /acrobot_control_node, u = nan
[rosout][INFO] 2017-03-30 15:29:59,232: /acrobot_control_node, u = nan
[rosout][INFO] 2017-03-30 15:29:59,242: /acrobot_control_node, u = nan
[rosout][INFO] 2017-03-30 15:29:59,251: /acrobot_control_node, u = nan
[rosout][INFO] 2017-03-30 15:29:59,260: /acrobot_control_node, u = nan
[rosout][INFO] 2017-03-30 15:29:59,275: /acrobot_control_node, u = nan
[rosout][INFO] 2017-03-30 15:29:59,287: /acrobot_control_node, u = nan
[rosout][INFO] 2017-03-30 15:29:59,303: /acrobot_control_node, u = nan
[rosout][INFO] 2017-03-30 15:29:59,308: /acrobot_control_node, u = nan
[rosout][INFO] 2017-03-30 15:29:59,320: /acrobot_control_node, u = nan
[rosout][INFO] 2017-03-30 15:29:59,328: /acrobot_control_node, u = nan
[rosout][INFO] 2017-03-30 15:29:59,339: /acrobot_control_node, u = nan
[rosout][INFO] 2017-03-30 15:29:59,349: /acrobot_control_node, u = nan
[rosout][INFO] 2017-03-30 15:29:59,360: /acrobot_control_node, u = nan
[rosout][INFO] 2017-03-30 15:29:59,371: /acrobot_control_node, u = nan
[rosout][INFO] 2017-03-30 15:29:59,382: /acrobot_control_node, u = nan
[rosout][INFO] 2017-03-30 15:29:59,392: /acrobot_control_node, u = nan
[rosout][INFO] 2017-03-30 15:29:59,403: /acrobot_control_node, u = nan
[rosout][INFO] 2017-03-30 15:29:59,418: /acrobot_control_node, u = nan
[rosout][INFO] 2017-03-30 15:29:59,425: /acrobot_control_node, u = nan
[rospy.core][INFO] 2017-03-30 15:29:59,435: signal_shutdown [signal-2]
[rospy.internal][INFO] 2017-03-30 15:29:59,442: topic[/rrbot/joint2_torque_controller/command] removing connection to /gazebo
[rospy.internal][INFO] 2017-03-30 15:29:59,448: topic[/rosout] removing connection to /rosout
[rospy.internal][INFO] 2017-03-30 15:29:59,452: topic[/clock] removing connection to http://hancheol:44453/
[rospy.internal][INFO] 2017-03-30 15:29:59,454: topic[/rrbot/joint_states] removing connection to http://hancheol:44453/
[rospy.impl.masterslave][INFO] 2017-03-30 15:29:59,455: signal-2
[rospy.internal][WARNING] 2017-03-30 15:29:59,455: Unknown error initiating TCP/IP socket to hancheol:51975 (http://hancheol:44453/): Traceback (most recent call last):
  File "/opt/ros/kinetic/lib/python2.7/dist-packages/rospy/impl/tcpros_base.py", line 558, in connect
    self.local_endpoint = self.socket.getsockname()
AttributeError: 'NoneType' object has no attribute 'getsockname'

[rospy.core][INFO] 2017-03-30 15:30:00,072: signal_shutdown [atexit]
