[rospy.client][INFO] 2017-03-30 15:21:48,473: init_node, name[/acrobot_control_node], pid[6075]
[xmlrpc][INFO] 2017-03-30 15:21:48,475: XML-RPC server binding to 0.0.0.0:0
[xmlrpc][INFO] 2017-03-30 15:21:48,478: Started XML-RPC server [http://hancheol:34294/]
[rospy.impl.masterslave][INFO] 2017-03-30 15:21:48,480: _ready: http://hancheol:34294/
[rospy.init][INFO] 2017-03-30 15:21:48,479: ROS Slave URI: [http://hancheol:34294/]
[rospy.registration][INFO] 2017-03-30 15:21:48,482: Registering with master node http://localhost:11311
[xmlrpc][INFO] 2017-03-30 15:21:48,483: xml rpc node: starting XML-RPC server
[rospy.init][INFO] 2017-03-30 15:21:48,583: registered with master
[rospy.rosout][INFO] 2017-03-30 15:21:48,583: initializing /rosout core topic
[rospy.rosout][INFO] 2017-03-30 15:21:48,586: connected to core topic /rosout
[rospy.simtime][INFO] 2017-03-30 15:21:48,588: initializing /clock core topic
[rospy.simtime][INFO] 2017-03-30 15:21:48,591: connected to core topic /clock
[rospy.internal][INFO] 2017-03-30 15:21:48,598: topic[/clock] adding connection to [http://hancheol:39089/], count 0
[rosout][INFO] 2017-03-30 15:21:48,606: /acrobot_control_nodeu = 5.205541
[rosout][INFO] 2017-03-30 15:21:48,607: /acrobot_control_nodeu = 5.205541
[rospy.internal][INFO] 2017-03-30 15:21:48,836: topic[/rosout] adding connection to [/rosout], count 0
[rospy.internal][INFO] 2017-03-30 15:21:48,874: topic[/rrbot/joint_states] adding connection to [http://hancheol:39089/], count 0
[rospy.internal][INFO] 2017-03-30 15:21:49,038: topic[/rrbot/joint2_torque_controller/command] adding connection to [/gazebo], count 0
[rosout][INFO] 2017-03-30 15:21:49,648: /acrobot_control_nodeu = -7.139347
[rosout][INFO] 2017-03-30 15:21:50,660: /acrobot_control_nodeu = 402.357940
[rosout][INFO] 2017-03-30 15:21:51,676: /acrobot_control_nodeu = -3223.526596
[rosout][INFO] 2017-03-30 15:21:52,688: /acrobot_control_nodeu = 31338.896511
[rosout][INFO] 2017-03-30 15:21:53,718: /acrobot_control_nodeu = -298022.831053
[rosout][INFO] 2017-03-30 15:21:54,728: /acrobot_control_nodeu = 7463859.884339
[rosout][INFO] 2017-03-30 15:21:55,754: /acrobot_control_nodeu = nan
[rosout][INFO] 2017-03-30 15:21:56,768: /acrobot_control_nodeu = nan
[rosout][INFO] 2017-03-30 15:21:57,778: /acrobot_control_nodeu = nan
[rospy.core][INFO] 2017-03-30 15:21:57,992: signal_shutdown [signal-2]
[rospy.internal][INFO] 2017-03-30 15:21:57,997: topic[/rrbot/joint2_torque_controller/command] removing connection to /gazebo
[rospy.internal][INFO] 2017-03-30 15:21:57,998: topic[/rosout] removing connection to /rosout
[rospy.internal][INFO] 2017-03-30 15:21:57,998: topic[/clock] removing connection to http://hancheol:39089/
[rospy.internal][INFO] 2017-03-30 15:21:57,998: topic[/rrbot/joint_states] removing connection to http://hancheol:39089/
[rospy.impl.masterslave][INFO] 2017-03-30 15:21:57,999: signal-2
[rospy.core][INFO] 2017-03-30 15:21:58,163: signal_shutdown [atexit]
