[rospy.client][INFO] 2017-03-30 15:37:48,004: init_node, name[/rrbot/controller_spawner], pid[12206]
[xmlrpc][INFO] 2017-03-30 15:37:48,004: XML-RPC server binding to 0.0.0.0:0
[xmlrpc][INFO] 2017-03-30 15:37:48,005: Started XML-RPC server [http://hancheol:43656/]
[rospy.impl.masterslave][INFO] 2017-03-30 15:37:48,006: _ready: http://hancheol:43656/
[rospy.init][INFO] 2017-03-30 15:37:48,005: ROS Slave URI: [http://hancheol:43656/]
[rospy.registration][INFO] 2017-03-30 15:37:48,007: Registering with master node http://localhost:11311
[xmlrpc][INFO] 2017-03-30 15:37:48,007: xml rpc node: starting XML-RPC server
[rospy.init][INFO] 2017-03-30 15:37:48,108: registered with master
[rospy.rosout][INFO] 2017-03-30 15:37:48,108: initializing /rosout core topic
[rospy.rosout][INFO] 2017-03-30 15:37:48,110: connected to core topic /rosout
[rospy.simtime][INFO] 2017-03-30 15:37:48,113: initializing /clock core topic
[rospy.simtime][INFO] 2017-03-30 15:37:48,118: connected to core topic /clock
[rospy.internal][INFO] 2017-03-30 15:37:48,127: topic[/clock] adding connection to [http://hancheol:36004/], count 0
[rosout][INFO] 2017-03-30 15:37:48,128: Controller Spawner: Waiting for service controller_manager/load_controller
[rosout][INFO] 2017-03-30 15:37:48,131: Controller Spawner: Waiting for service controller_manager/switch_controller
[rosout][INFO] 2017-03-30 15:37:48,133: Controller Spawner: Waiting for service controller_manager/unload_controller
[rosout][INFO] 2017-03-30 15:37:48,136: Loading controller: joint_state_controller
[rosout][INFO] 2017-03-30 15:37:48,199: Loading controller: joint2_torque_controller
[rospy.internal][INFO] 2017-03-30 15:37:48,228: topic[/rosout] adding connection to [/rosout], count 0
[rosout][INFO] 2017-03-30 15:37:48,278: Controller Spawner: Loaded controllers: joint_state_controller, joint2_torque_controller
[rosout][INFO] 2017-03-30 15:37:48,285: Started controllers: joint_state_controller, joint2_torque_controller
[rospy.core][INFO] 2017-03-30 15:43:03,472: signal_shutdown [signal-2]
[rosout][INFO] 2017-03-30 15:43:03,472: Shutting down spawner. Stopping and unloading controllers...
[rosout][INFO] 2017-03-30 15:43:04,477: Stopping all controllers...
[rosout][INFO] 2017-03-30 15:43:04,480: Unloading all loaded controllers...
[rosout][INFO] 2017-03-30 15:43:04,481: Trying to unload joint2_torque_controller
[rosout][INFO] 2017-03-30 15:43:04,485: Succeeded in unloading joint2_torque_controller
[rosout][INFO] 2017-03-30 15:43:04,486: Trying to unload joint_state_controller
[rosout][INFO] 2017-03-30 15:43:04,495: Succeeded in unloading joint_state_controller
[rospy.internal][INFO] 2017-03-30 15:43:04,499: topic[/rosout] removing connection to /rosout
[rospy.internal][INFO] 2017-03-30 15:43:04,499: topic[/clock] removing connection to http://hancheol:36004/
[rospy.impl.masterslave][INFO] 2017-03-30 15:43:04,499: signal-2
[rospy.internal][ERROR] 2017-03-30 15:43:04,500: Traceback (most recent call last):
  File "/opt/ros/kinetic/lib/python2.7/dist-packages/rospy/impl/tcpros_base.py", line 729, in receive_once
    self.stat_bytes += recv_buff(sock, b, p.buff_size)
  File "/opt/ros/kinetic/lib/python2.7/dist-packages/rospy/impl/tcpros_base.py", line 103, in recv_buff
    d = sock.recv(buff_size)
error: [Errno 104] Connection reset by peer

[rospy.core][INFO] 2017-03-30 15:43:04,603: signal_shutdown [atexit]
[rospy.client][INFO] 2017-03-30 15:45:35,263: init_node, name[/rrbot/controller_spawner], pid[12644]
[xmlrpc][INFO] 2017-03-30 15:45:35,264: XML-RPC server binding to 0.0.0.0:0
[xmlrpc][INFO] 2017-03-30 15:45:35,264: Started XML-RPC server [http://hancheol:41170/]
[rospy.init][INFO] 2017-03-30 15:45:35,264: ROS Slave URI: [http://hancheol:41170/]
[rospy.impl.masterslave][INFO] 2017-03-30 15:45:35,264: _ready: http://hancheol:41170/
[rospy.registration][INFO] 2017-03-30 15:45:35,267: Registering with master node http://localhost:11311
[xmlrpc][INFO] 2017-03-30 15:45:35,267: xml rpc node: starting XML-RPC server
[rospy.init][INFO] 2017-03-30 15:45:35,365: registered with master
[rospy.rosout][INFO] 2017-03-30 15:45:35,365: initializing /rosout core topic
[rospy.rosout][INFO] 2017-03-30 15:45:35,368: connected to core topic /rosout
[rospy.simtime][INFO] 2017-03-30 15:45:35,370: initializing /clock core topic
[rospy.simtime][INFO] 2017-03-30 15:45:35,379: connected to core topic /clock
[rosout][INFO] 2017-03-30 15:45:35,385: Controller Spawner: Waiting for service controller_manager/load_controller
[rospy.internal][INFO] 2017-03-30 15:45:35,389: topic[/clock] adding connection to [http://hancheol:36004/], count 0
[rosout][INFO] 2017-03-30 15:45:35,388: Controller Spawner: Waiting for service controller_manager/switch_controller
[rosout][INFO] 2017-03-30 15:45:35,399: Controller Spawner: Waiting for service controller_manager/unload_controller
[rosout][INFO] 2017-03-30 15:45:35,403: Loading controller: joint_state_controller
[rosout][INFO] 2017-03-30 15:45:35,418: Loading controller: joint2_torque_controller
[rosout][INFO] 2017-03-30 15:45:35,434: Controller Spawner: Loaded controllers: joint_state_controller, joint2_torque_controller
[rosout][INFO] 2017-03-30 15:45:35,442: Started controllers: joint_state_controller, joint2_torque_controller
[rospy.internal][INFO] 2017-03-30 15:45:35,638: topic[/rosout] adding connection to [/rosout], count 0
[rospy.core][INFO] 2017-03-30 15:51:13,553: signal_shutdown [signal-2]
[rosout][INFO] 2017-03-30 15:51:13,554: Shutting down spawner. Stopping and unloading controllers...
[rosout][INFO] 2017-03-30 15:51:14,559: Stopping all controllers...
[rosout][INFO] 2017-03-30 15:51:14,563: Unloading all loaded controllers...
[rosout][INFO] 2017-03-30 15:51:14,564: Trying to unload joint2_torque_controller
[rosout][INFO] 2017-03-30 15:51:14,569: Succeeded in unloading joint2_torque_controller
[rosout][INFO] 2017-03-30 15:51:14,570: Trying to unload joint_state_controller
[rosout][INFO] 2017-03-30 15:51:14,576: Succeeded in unloading joint_state_controller
[rospy.internal][INFO] 2017-03-30 15:51:14,581: topic[/rosout] removing connection to /rosout
[rospy.internal][INFO] 2017-03-30 15:51:14,581: topic[/clock] removing connection to http://hancheol:36004/
[rospy.impl.masterslave][INFO] 2017-03-30 15:51:14,582: signal-2
[rospy.core][INFO] 2017-03-30 15:51:14,686: signal_shutdown [atexit]
